  [1m[35m (18.1ms)[0m  [1m[35mCREATE DATABASE `TrainBackend_development` DEFAULT CHARACTER SET `utf8mb4`[0m
  [1m[35m (3.1ms)[0m  [1m[35mCREATE DATABASE `TrainBackend_test` DEFAULT CHARACTER SET `utf8mb4`[0m
  [1m[35m (37.7ms)[0m  [1m[35mCREATE TABLE `schema_migrations` (`version` varchar(255) NOT NULL PRIMARY KEY)[0m
  [1m[35m (4.9ms)[0m  [1m[35mCREATE TABLE `ar_internal_metadata` (`key` varchar(255) NOT NULL PRIMARY KEY, `value` varchar(255), `created_at` datetime(6) NOT NULL, `updated_at` datetime(6) NOT NULL)[0m
  [1m[35m (0.1ms)[0m  [1m[34mSELECT GET_LOCK('4035985088984411325', 0)[0m
  [1m[36mActiveRecord::SchemaMigration Pluck (2.4ms)[0m  [1m[34mSELECT `schema_migrations`.`version` FROM `schema_migrations` ORDER BY `schema_migrations`.`version` ASC[0m
Migrating to CreateTrains (20230809093508)
  [1m[35m (6.8ms)[0m  [1m[35mCREATE TABLE `trains` (`id` bigint NOT NULL AUTO_INCREMENT PRIMARY KEY, `trainName` varchar(255), `trainNumber` varchar(255), `departureTime` time, `seatsAvailablesleeper` int, `seatsAvailableAC` int, `priceSleeper` int, `priceAC` int, `delayedBy` int, `created_at` datetime(6) NOT NULL, `updated_at` datetime(6) NOT NULL)[0m
  [1m[36mTRANSACTION (0.0ms)[0m  [1m[35mBEGIN[0m
  [1m[36mActiveRecord::SchemaMigration Create (1.2ms)[0m  [1m[32mINSERT INTO `schema_migrations` (`version`) VALUES ('20230809093508')[0m
  [1m[36mTRANSACTION (0.1ms)[0m  [1m[35mCOMMIT[0m
  [1m[36mActiveRecord::InternalMetadata Load (0.2ms)[0m  [1m[34mSELECT `ar_internal_metadata`.* FROM `ar_internal_metadata` WHERE `ar_internal_metadata`.`key` = 'environment' LIMIT 1[0m
  [1m[36mTRANSACTION (0.0ms)[0m  [1m[35mBEGIN[0m
  [1m[36mActiveRecord::InternalMetadata Create (0.1ms)[0m  [1m[32mINSERT INTO `ar_internal_metadata` (`key`, `value`, `created_at`, `updated_at`) VALUES ('environment', 'development', '2023-08-09 09:45:33.968131', '2023-08-09 09:45:33.968131')[0m
  [1m[36mTRANSACTION (0.1ms)[0m  [1m[35mCOMMIT[0m
  [1m[35m (0.3ms)[0m  [1m[34mSELECT RELEASE_LOCK('4035985088984411325')[0m
  [1m[36mActiveRecord::SchemaMigration Pluck (0.3ms)[0m  [1m[34mSELECT `schema_migrations`.`version` FROM `schema_migrations` ORDER BY `schema_migrations`.`version` ASC[0m
Started POST "/rails" for 127.0.0.1 at 2023-08-09 15:18:55 +0530
  [1m[36mActiveRecord::SchemaMigration Pluck (0.3ms)[0m  [1m[34mSELECT `schema_migrations`.`version` FROM `schema_migrations` ORDER BY `schema_migrations`.`version` ASC[0m
  
ActionController::RoutingError (No route matches [POST] "/rails"):
  
Started POST "/trains" for 127.0.0.1 at 2023-08-09 15:19:14 +0530
Processing by TrainsController#create as */*
  Parameters: {"train_name"=>"Hyderabad Exp", "train_number"=>"2341", "departure_time_hours"=>23, "departure_time_minutes"=>55, "departure_time_seconds"=>0, "seats_available_sleeper"=>6, "seats_available_AC"=>7, "price_sleeper"=>554, "price_AC"=>1854, "delayed_by"=>5, "train"=>{}}
Completed 400 Bad Request in 7ms (ActiveRecord: 7.3ms | Allocations: 4622)


  
ActionController::ParameterMissing (param is missing or the value is empty: train):
  
app/controllers/trains_controller.rb:92:in `train_params'
app/controllers/trains_controller.rb:61:in `create'
Started POST "/trains" for 127.0.0.1 at 2023-08-09 15:20:28 +0530
Processing by TrainsController#create as */*
  Parameters: {"train"=>{"train_name"=>"Hyderabad Exp", "train_number"=>"2341", "departure_time_hours"=>23, "departure_time_minutes"=>55, "departure_time_seconds"=>0, "seats_available_sleeper"=>6, "seats_available_AC"=>7, "price_sleeper"=>554, "price_AC"=>1854, "delayed_by"=>5}}
[31mUnpermitted parameters: :train_name, :train_number, :departure_time_hours, :departure_time_minutes, :departure_time_seconds, :seats_available_sleeper, :seats_available_AC, :price_sleeper, :price_AC, :delayed_by. Context: { controller: TrainsController, action: create, request: #<ActionDispatch::Request:0x00000001066b6910>, params: {"train"=>{"train_name"=>"Hyderabad Exp", "train_number"=>"2341", "departure_time_hours"=>23, "departure_time_minutes"=>55, "departure_time_seconds"=>0, "seats_available_sleeper"=>6, "seats_available_AC"=>7, "price_sleeper"=>554, "price_AC"=>1854, "delayed_by"=>5}, "controller"=>"trains", "action"=>"create"} }[0m
  [1m[36mTRANSACTION (0.4ms)[0m  [1m[35mBEGIN[0m
  ↳ app/controllers/trains_controller.rb:63:in `create'
  [1m[36mTrain Create (7.5ms)[0m  [1m[32mINSERT INTO `trains` (`trainName`, `trainNumber`, `departureTime`, `seatsAvailablesleeper`, `seatsAvailableAC`, `priceSleeper`, `priceAC`, `delayedBy`, `created_at`, `updated_at`) VALUES (NULL, NULL, NULL, NULL, NULL, NULL, NULL, NULL, '2023-08-09 09:50:28.869712', '2023-08-09 09:50:28.869712')[0m
  ↳ app/controllers/trains_controller.rb:63:in `create'
  [1m[36mTRANSACTION (1.9ms)[0m  [1m[35mCOMMIT[0m
  ↳ app/controllers/trains_controller.rb:63:in `create'
Completed 201 Created in 64ms (Views: 1.3ms | ActiveRecord: 26.1ms | Allocations: 10407)


Started POST "/trains" for 127.0.0.1 at 2023-08-09 15:25:12 +0530
Processing by TrainsController#create as */*
  Parameters: {"trains"=>{"trainName"=>"Chennai Exp", "trainNumber"=>"2344", "departureTime"=>{"Hours"=>21, "Minutes"=>35, "Seconds"=>0}, "seatsAvailable"=>{"sleeper"=>3, "AC"=>1}, "price"=>{"sleeper"=>2, "AC"=>5}, "delayedBy"=>15}, "train"=>{}}
Completed 400 Bad Request in 6ms (ActiveRecord: 0.0ms | Allocations: 114)


  
ActionController::ParameterMissing (param is missing or the value is empty: train):
  
app/controllers/trains_controller.rb:92:in `train_params'
app/controllers/trains_controller.rb:61:in `create'
Started POST "/trains" for 127.0.0.1 at 2023-08-09 15:25:20 +0530
Processing by TrainsController#create as */*
  Parameters: {"train"=>{"trainName"=>"Chennai Exp", "trainNumber"=>"2344", "departureTime"=>{"Hours"=>21, "Minutes"=>35, "Seconds"=>0}, "seatsAvailable"=>{"sleeper"=>3, "AC"=>1}, "price"=>{"sleeper"=>2, "AC"=>5}, "delayedBy"=>15}}
[31mUnpermitted parameters: :departureTime, :seatsAvailable, :price. Context: { controller: TrainsController, action: create, request: #<ActionDispatch::Request:0x000000010683c6e0>, params: {"train"=>{"trainName"=>"Chennai Exp", "trainNumber"=>"2344", "departureTime"=>{"Hours"=>21, "Minutes"=>35, "Seconds"=>0}, "seatsAvailable"=>{"sleeper"=>3, "AC"=>1}, "price"=>{"sleeper"=>2, "AC"=>5}, "delayedBy"=>15}, "controller"=>"trains", "action"=>"create"} }[0m
  [1m[36mTRANSACTION (0.7ms)[0m  [1m[35mBEGIN[0m
  ↳ app/controllers/trains_controller.rb:63:in `create'
  [1m[36mTrain Create (3.1ms)[0m  [1m[32mINSERT INTO `trains` (`trainName`, `trainNumber`, `departureTime`, `seatsAvailablesleeper`, `seatsAvailableAC`, `priceSleeper`, `priceAC`, `delayedBy`, `created_at`, `updated_at`) VALUES ('Chennai Exp', '2344', NULL, NULL, NULL, NULL, NULL, 15, '2023-08-09 09:55:20.701696', '2023-08-09 09:55:20.701696')[0m
  ↳ app/controllers/trains_controller.rb:63:in `create'
  [1m[36mTRANSACTION (1.9ms)[0m  [1m[35mCOMMIT[0m
  ↳ app/controllers/trains_controller.rb:63:in `create'
Completed 201 Created in 20ms (Views: 1.7ms | ActiveRecord: 5.7ms | Allocations: 2303)


Started POST "/trains" for 127.0.0.1 at 2023-08-09 15:28:08 +0530
Processing by TrainsController#create as */*
  Parameters: {"train"=>{"trainName"=>"Chennai Exp", "trainNumber"=>"2344", "departureTime"=>{"Hours"=>21, "Minutes"=>35, "Seconds"=>0}, "seatsAvailablesleeper"=>3, "seatsAvailableAC"=>2, "priceAC"=>5, "delayedBy"=>15}}
[31mUnpermitted parameter: :departureTime. Context: { controller: TrainsController, action: create, request: #<ActionDispatch::Request:0x00000001068719a8>, params: {"train"=>{"trainName"=>"Chennai Exp", "trainNumber"=>"2344", "departureTime"=>{"Hours"=>21, "Minutes"=>35, "Seconds"=>0}, "seatsAvailablesleeper"=>3, "seatsAvailableAC"=>2, "priceAC"=>5, "delayedBy"=>15}, "controller"=>"trains", "action"=>"create"} }[0m
  [1m[36mTRANSACTION (1.2ms)[0m  [1m[35mBEGIN[0m
  ↳ app/controllers/trains_controller.rb:63:in `create'
  [1m[36mTrain Create (1.2ms)[0m  [1m[32mINSERT INTO `trains` (`trainName`, `trainNumber`, `departureTime`, `seatsAvailablesleeper`, `seatsAvailableAC`, `priceSleeper`, `priceAC`, `delayedBy`, `created_at`, `updated_at`) VALUES ('Chennai Exp', '2344', NULL, 3, 2, NULL, 5, 15, '2023-08-09 09:58:08.713465', '2023-08-09 09:58:08.713465')[0m
  ↳ app/controllers/trains_controller.rb:63:in `create'
  [1m[36mTRANSACTION (2.2ms)[0m  [1m[35mCOMMIT[0m
  ↳ app/controllers/trains_controller.rb:63:in `create'
Completed 201 Created in 30ms (Views: 1.0ms | ActiveRecord: 4.7ms | Allocations: 2265)


Started POST "/trains" for 127.0.0.1 at 2023-08-09 15:29:41 +0530
Processing by TrainsController#create as */*
  Parameters: {"train"=>{"trainName"=>"Chennai Exp", "trainNumber"=>"2344", "departureTime"=>{"Hours"=>21, "Minutes"=>35, "Seconds"=>0}, "seatsAvailablesleeper"=>3, "seatsAvailableAC"=>2, "priceSleeper"=>1000, "priceAC"=>5000, "delayedBy"=>15}}
[31mUnpermitted parameter: :departureTime. Context: { controller: TrainsController, action: create, request: #<ActionDispatch::Request:0x00000001068d6c40>, params: {"train"=>{"trainName"=>"Chennai Exp", "trainNumber"=>"2344", "departureTime"=>{"Hours"=>21, "Minutes"=>35, "Seconds"=>0}, "seatsAvailablesleeper"=>3, "seatsAvailableAC"=>2, "priceSleeper"=>1000, "priceAC"=>5000, "delayedBy"=>15}, "controller"=>"trains", "action"=>"create"} }[0m
  [1m[36mTRANSACTION (0.5ms)[0m  [1m[35mBEGIN[0m
  ↳ app/controllers/trains_controller.rb:63:in `create'
  [1m[36mTrain Create (1.4ms)[0m  [1m[32mINSERT INTO `trains` (`trainName`, `trainNumber`, `departureTime`, `seatsAvailablesleeper`, `seatsAvailableAC`, `priceSleeper`, `priceAC`, `delayedBy`, `created_at`, `updated_at`) VALUES ('Chennai Exp', '2344', NULL, 3, 2, 1000, 5000, 15, '2023-08-09 09:59:41.222663', '2023-08-09 09:59:41.222663')[0m
  ↳ app/controllers/trains_controller.rb:63:in `create'
  [1m[36mTRANSACTION (12.8ms)[0m  [1m[35mCOMMIT[0m
  ↳ app/controllers/trains_controller.rb:63:in `create'
Completed 201 Created in 24ms (Views: 0.9ms | ActiveRecord: 14.6ms | Allocations: 2275)


Started POST "/trains" for 127.0.0.1 at 2023-08-09 15:37:44 +0530
Processing by TrainsController#create as */*
  Parameters: {"train"=>{"trainName"=>"Chennai Exp", "trainNumber"=>"2344", "departureTime"=>{"Day"=>9, "Hours"=>21, "Minutes"=>35, "Seconds"=>0}, "seatsAvailablesleeper"=>3, "seatsAvailableAC"=>2, "priceSleeper"=>1000, "priceAC"=>5000, "delayedBy"=>15}}
[31mUnpermitted parameter: :departureTime. Context: { controller: TrainsController, action: create, request: #<ActionDispatch::Request:0x00000001063f7300>, params: {"train"=>{"trainName"=>"Chennai Exp", "trainNumber"=>"2344", "departureTime"=>{"Day"=>9, "Hours"=>21, "Minutes"=>35, "Seconds"=>0}, "seatsAvailablesleeper"=>3, "seatsAvailableAC"=>2, "priceSleeper"=>1000, "priceAC"=>5000, "delayedBy"=>15}, "controller"=>"trains", "action"=>"create"} }[0m
[31mUnpermitted parameter: :departureTime. Context: { controller: TrainsController, action: create, request: #<ActionDispatch::Request:0x00000001063f7300>, params: {"train"=>{"trainName"=>"Chennai Exp", "trainNumber"=>"2344", "departureTime"=>{"Day"=>9, "Hours"=>21, "Minutes"=>35, "Seconds"=>0}, "seatsAvailablesleeper"=>3, "seatsAvailableAC"=>2, "priceSleeper"=>1000, "priceAC"=>5000, "delayedBy"=>15}, "controller"=>"trains", "action"=>"create"} }[0m
Completed 500 Internal Server Error in 32ms (ActiveRecord: 14.2ms | Allocations: 3195)


  
NoMethodError (undefined method `[]' for nil:NilClass):
  
app/controllers/trains_controller.rb:62:in `create'
Started POST "/trains" for 127.0.0.1 at 2023-08-09 15:38:00 +0530
Processing by TrainsController#create as */*
  Parameters: {"train"=>{"trainName"=>"Chennai Exp", "trainNumber"=>"2344", "departureTime"=>{"Day"=>9, "Hours"=>21, "Minutes"=>35, "Seconds"=>0}, "seatsAvailablesleeper"=>3, "seatsAvailableAC"=>2, "priceSleeper"=>1000, "priceAC"=>5000, "delayedBy"=>15}}
[31mUnpermitted parameter: :departureTime. Context: { controller: TrainsController, action: create, request: #<ActionDispatch::Request:0x000000010621bcc0>, params: {"train"=>{"trainName"=>"Chennai Exp", "trainNumber"=>"2344", "departureTime"=>{"Day"=>9, "Hours"=>21, "Minutes"=>35, "Seconds"=>0}, "seatsAvailablesleeper"=>3, "seatsAvailableAC"=>2, "priceSleeper"=>1000, "priceAC"=>5000, "delayedBy"=>15}, "controller"=>"trains", "action"=>"create"} }[0m
[31mUnpermitted parameter: :departureTime. Context: { controller: TrainsController, action: create, request: #<ActionDispatch::Request:0x000000010621bcc0>, params: {"train"=>{"trainName"=>"Chennai Exp", "trainNumber"=>"2344", "departureTime"=>{"Day"=>9, "Hours"=>21, "Minutes"=>35, "Seconds"=>0}, "seatsAvailablesleeper"=>3, "seatsAvailableAC"=>2, "priceSleeper"=>1000, "priceAC"=>5000, "delayedBy"=>15}, "controller"=>"trains", "action"=>"create"} }[0m
Completed 500 Internal Server Error in 2ms (ActiveRecord: 0.0ms | Allocations: 529)


  
NoMethodError (undefined method `[]' for nil:NilClass):
  
app/controllers/trains_controller.rb:62:in `create'
Started POST "/trains" for 127.0.0.1 at 2023-08-09 15:39:20 +0530
Processing by TrainsController#create as */*
  Parameters: {"train"=>{"trainName"=>"Chennai Exp", "trainNumber"=>"2344", "departureTime"=>{"Day"=>9, "Hours"=>21, "Minutes"=>35, "Seconds"=>0}, "seatsAvailablesleeper"=>3, "seatsAvailableAC"=>2, "priceSleeper"=>1000, "priceAC"=>5000, "delayedBy"=>15}}
Completed 500 Internal Server Error in 40ms (ActiveRecord: 37.3ms | Allocations: 3308)


  
ActiveModel::UnknownAttributeError (unknown attribute 'controller' for Train.):
  
app/controllers/trains_controller.rb:61:in `create'
Started POST "/trains" for 127.0.0.1 at 2023-08-09 15:39:51 +0530
Processing by TrainsController#create as */*
  Parameters: {"trains"=>{"trainName"=>"Chennai Exp", "trainNumber"=>"2344", "departureTime"=>{"Day"=>9, "Hours"=>21, "Minutes"=>35, "Seconds"=>0}, "seatsAvailablesleeper"=>3, "seatsAvailableAC"=>2, "priceSleeper"=>1000, "priceAC"=>5000, "delayedBy"=>15}, "train"=>{}}
Completed 500 Internal Server Error in 1ms (ActiveRecord: 0.0ms | Allocations: 254)


  
ActiveModel::UnknownAttributeError (unknown attribute 'controller' for Train.):
  
app/controllers/trains_controller.rb:61:in `create'
Started POST "/trains" for 127.0.0.1 at 2023-08-09 15:39:59 +0530
Processing by TrainsController#create as */*
  Parameters: {"train"=>{"trainName"=>"Chennai Exp", "trainNumber"=>"2344", "seatsAvailablesleeper"=>3, "seatsAvailableAC"=>2, "priceSleeper"=>1000, "priceAC"=>5000, "delayedBy"=>15}}
Completed 500 Internal Server Error in 1ms (ActiveRecord: 0.0ms | Allocations: 196)


  
ActiveModel::UnknownAttributeError (unknown attribute 'controller' for Train.):
  
app/controllers/trains_controller.rb:61:in `create'
Started POST "/trains" for 127.0.0.1 at 2023-08-09 15:40:09 +0530
Processing by TrainsController#create as */*
  Parameters: {"train"=>{"trainName"=>"Chennai Exp", "trainNumber"=>"2344", "departureTime"=>{"Day"=>9, "Hours"=>21, "Minutes"=>35, "Seconds"=>0}, "seatsAvailablesleeper"=>3, "seatsAvailableAC"=>2, "priceSleeper"=>1000, "priceAC"=>5000, "delayedBy"=>15}}
Completed 500 Internal Server Error in 12ms (ActiveRecord: 9.7ms | Allocations: 3266)


  
ActiveModel::UnknownAttributeError (unknown attribute 'controller' for Train.):
  
app/controllers/trains_controller.rb:61:in `create'
Started POST "/trains" for 127.0.0.1 at 2023-08-09 15:40:29 +0530
  [1m[36mActiveRecord::SchemaMigration Pluck (1.0ms)[0m  [1m[34mSELECT `schema_migrations`.`version` FROM `schema_migrations` ORDER BY `schema_migrations`.`version` ASC[0m
Processing by TrainsController#create as */*
  Parameters: {"train"=>{"trainName"=>"Chennai Exp", "trainNumber"=>"2344", "departureTime"=>{"Day"=>9, "Hours"=>21, "Minutes"=>35, "Seconds"=>0}, "seatsAvailablesleeper"=>3, "seatsAvailableAC"=>2, "priceSleeper"=>1000, "priceAC"=>5000, "delayedBy"=>15}}
Completed 500 Internal Server Error in 13ms (ActiveRecord: 6.5ms | Allocations: 10361)


  
ActiveModel::UnknownAttributeError (unknown attribute 'controller' for Train.):
  
app/controllers/trains_controller.rb:61:in `create'
Started POST "/trains" for 127.0.0.1 at 2023-08-09 15:40:36 +0530
Processing by TrainsController#create as */*
  Parameters: {"train"=>{"trainName"=>"Chennai Exp", "trainNumber"=>"2344", "seatsAvailablesleeper"=>3, "seatsAvailableAC"=>2, "priceSleeper"=>1000, "priceAC"=>5000, "delayedBy"=>15}}
Completed 500 Internal Server Error in 1ms (ActiveRecord: 0.0ms | Allocations: 204)


  
ActiveModel::UnknownAttributeError (unknown attribute 'controller' for Train.):
  
app/controllers/trains_controller.rb:61:in `create'
Started POST "/trains" for 127.0.0.1 at 2023-08-09 15:40:46 +0530
Processing by TrainsController#create as */*
  Parameters: {"train"=>{"trainName"=>"Chennai Exp", "trainNumber"=>"2344", "departureTime"=>{"Hours"=>21, "Minutes"=>35, "Seconds"=>0}, "seatsAvailablesleeper"=>3, "seatsAvailableAC"=>2, "priceSleeper"=>1000, "priceAC"=>5000, "delayedBy"=>15}}
Completed 500 Internal Server Error in 1ms (ActiveRecord: 0.0ms | Allocations: 234)


  
ActiveModel::UnknownAttributeError (unknown attribute 'controller' for Train.):
  
app/controllers/trains_controller.rb:61:in `create'
Started POST "/trains" for 127.0.0.1 at 2023-08-09 15:41:56 +0530
Processing by TrainsController#create as */*
  Parameters: {"train"=>{"trainName"=>"Chennai Exp", "trainNumber"=>"2344", "departureTime"=>{"Hours"=>21, "Minutes"=>35, "Seconds"=>0}, "seatsAvailablesleeper"=>3, "seatsAvailableAC"=>2, "priceSleeper"=>1000, "priceAC"=>5000, "delayedBy"=>15}}
Completed 500 Internal Server Error in 1ms (ActiveRecord: 0.0ms | Allocations: 234)


  
ActiveModel::UnknownAttributeError (unknown attribute 'controller' for Train.):
  
app/controllers/trains_controller.rb:61:in `create'
Started POST "/trains" for 127.0.0.1 at 2023-08-09 15:42:41 +0530
Processing by TrainsController#create as */*
  Parameters: {"train"=>{"trainName"=>"Chennai Exp", "trainNumber"=>"2344", "departureTime"=>{"Hours"=>21, "Minutes"=>35, "Seconds"=>0}, "seatsAvailablesleeper"=>3, "seatsAvailableAC"=>2, "priceSleeper"=>1000, "priceAC"=>5000, "delayedBy"=>15}}
[31mUnpermitted parameter: :departureTime. Context: { controller: TrainsController, action: create, request: #<ActionDispatch::Request:0x00000001061f46c0>, params: {"train"=>{"trainName"=>"Chennai Exp", "trainNumber"=>"2344", "departureTime"=>{"Hours"=>21, "Minutes"=>35, "Seconds"=>0}, "seatsAvailablesleeper"=>3, "seatsAvailableAC"=>2, "priceSleeper"=>1000, "priceAC"=>5000, "delayedBy"=>15}, "controller"=>"trains", "action"=>"create"} }[0m
  [1m[36mTRANSACTION (0.1ms)[0m  [1m[35mBEGIN[0m
  ↳ app/controllers/trains_controller.rb:64:in `create'
  [1m[36mTrain Create (7.8ms)[0m  [1m[32mINSERT INTO `trains` (`trainName`, `trainNumber`, `departureTime`, `seatsAvailablesleeper`, `seatsAvailableAC`, `priceSleeper`, `priceAC`, `delayedBy`, `created_at`, `updated_at`) VALUES ('Chennai Exp', '2344', NULL, 3, 2, 1000, 5000, 15, '2023-08-09 10:12:41.371761', '2023-08-09 10:12:41.371761')[0m
  ↳ app/controllers/trains_controller.rb:64:in `create'
  [1m[36mTRANSACTION (1.4ms)[0m  [1m[35mCOMMIT[0m
  ↳ app/controllers/trains_controller.rb:64:in `create'
Completed 201 Created in 23ms (Views: 0.3ms | ActiveRecord: 16.3ms | Allocations: 6296)


Started POST "/trains" for 127.0.0.1 at 2023-08-09 15:43:42 +0530
Processing by TrainsController#create as */*
  Parameters: {"train"=>{"trainName"=>"Chennai Exp", "trainNumber"=>"2344", "departureTime"=>"2023-08-10T23:55:00Z", "seatsAvailablesleeper"=>3, "seatsAvailableAC"=>2, "priceSleeper"=>1000, "priceAC"=>5000, "delayedBy"=>15}}
  [1m[36mTRANSACTION (0.5ms)[0m  [1m[35mBEGIN[0m
  ↳ app/controllers/trains_controller.rb:64:in `create'
  [1m[36mTrain Create (1.2ms)[0m  [1m[32mINSERT INTO `trains` (`trainName`, `trainNumber`, `departureTime`, `seatsAvailablesleeper`, `seatsAvailableAC`, `priceSleeper`, `priceAC`, `delayedBy`, `created_at`, `updated_at`) VALUES ('Chennai Exp', '2344', '23:55:00', 3, 2, 1000, 5000, 15, '2023-08-09 10:13:42.789993', '2023-08-09 10:13:42.789993')[0m
  ↳ app/controllers/trains_controller.rb:64:in `create'
  [1m[36mTRANSACTION (1.5ms)[0m  [1m[35mCOMMIT[0m
  ↳ app/controllers/trains_controller.rb:64:in `create'
Completed 201 Created in 13ms (Views: 0.6ms | ActiveRecord: 3.2ms | Allocations: 2414)


Started POST "/trains" for 127.0.0.1 at 2023-08-09 15:44:45 +0530
Processing by TrainsController#create as */*
  Parameters: {"train"=>{"trainName"=>"Chennai Exp", "trainNumber"=>"2344", "departureTime"=>"2023-08-10T23:55:00Z", "seatsAvailablesleeper"=>3, "seatsAvailableAC"=>2, "priceSleeper"=>1000, "priceAC"=>5000, "delayedBy"=>15}}
Completed 500 Internal Server Error in 25ms (ActiveRecord: 22.6ms | Allocations: 3216)


  
TypeError (no implicit conversion of Integer into String):
  
app/controllers/trains_controller.rb:62:in `+'
app/controllers/trains_controller.rb:62:in `create'
Started POST "/trains" for 127.0.0.1 at 2023-08-09 15:45:38 +0530
Processing by TrainsController#create as */*
  Parameters: {"train"=>{"trainName"=>"Chennai Exp", "trainNumber"=>"2344", "departureTime"=>"2023-08-10T23:55:00Z", "seatsAvailablesleeper"=>3, "seatsAvailableAC"=>2, "priceSleeper"=>1000, "priceAC"=>5000, "delayedBy"=>15}}
  [1m[36mTRANSACTION (0.4ms)[0m  [1m[35mBEGIN[0m
  ↳ app/controllers/trains_controller.rb:65:in `create'
  [1m[36mTrain Create (1.0ms)[0m  [1m[32mINSERT INTO `trains` (`trainName`, `trainNumber`, `departureTime`, `seatsAvailablesleeper`, `seatsAvailableAC`, `priceSleeper`, `priceAC`, `delayedBy`, `created_at`, `updated_at`) VALUES ('Chennai Exp', '14776', '23:55:00', 3, 2, 1000, 5000, 15, '2023-08-09 10:15:38.151098', '2023-08-09 10:15:38.151098')[0m
  ↳ app/controllers/trains_controller.rb:65:in `create'
  [1m[36mTRANSACTION (3.1ms)[0m  [1m[35mCOMMIT[0m
  ↳ app/controllers/trains_controller.rb:65:in `create'
Completed 201 Created in 24ms (Views: 1.8ms | ActiveRecord: 12.8ms | Allocations: 5495)


Started POST "/trains" for 127.0.0.1 at 2023-08-09 15:46:02 +0530
Processing by TrainsController#create as */*
  Parameters: {"train"=>{"trainName"=>"Chennai Exp", "trainNumber"=>"2344", "departureTime"=>"2023-08-10T23:55:00Z", "seatsAvailablesleeper"=>3, "seatsAvailableAC"=>2, "priceSleeper"=>1000, "priceAC"=>5000, "delayedBy"=>15}}
  [1m[36mTRANSACTION (0.5ms)[0m  [1m[35mBEGIN[0m
  ↳ app/controllers/trains_controller.rb:65:in `create'
  [1m[36mTrain Create (2.0ms)[0m  [1m[32mINSERT INTO `trains` (`trainName`, `trainNumber`, `departureTime`, `seatsAvailablesleeper`, `seatsAvailableAC`, `priceSleeper`, `priceAC`, `delayedBy`, `created_at`, `updated_at`) VALUES ('Chennai Exp', '14776', '23:55:00', 3, 2, 1000, 5000, 15, '2023-08-09 10:16:02.886142', '2023-08-09 10:16:02.886142')[0m
  ↳ app/controllers/trains_controller.rb:65:in `create'
  [1m[36mTRANSACTION (6.5ms)[0m  [1m[35mCOMMIT[0m
  ↳ app/controllers/trains_controller.rb:65:in `create'
Completed 201 Created in 20ms (Views: 2.0ms | ActiveRecord: 8.9ms | Allocations: 2293)


Started POST "/trains" for 127.0.0.1 at 2023-08-09 15:46:03 +0530
Processing by TrainsController#create as */*
  Parameters: {"train"=>{"trainName"=>"Chennai Exp", "trainNumber"=>"2344", "departureTime"=>"2023-08-10T23:55:00Z", "seatsAvailablesleeper"=>3, "seatsAvailableAC"=>2, "priceSleeper"=>1000, "priceAC"=>5000, "delayedBy"=>15}}
  [1m[36mTRANSACTION (0.2ms)[0m  [1m[35mBEGIN[0m
  ↳ app/controllers/trains_controller.rb:65:in `create'
  [1m[36mTrain Create (1.5ms)[0m  [1m[32mINSERT INTO `trains` (`trainName`, `trainNumber`, `departureTime`, `seatsAvailablesleeper`, `seatsAvailableAC`, `priceSleeper`, `priceAC`, `delayedBy`, `created_at`, `updated_at`) VALUES ('Chennai Exp', '14776', '23:55:00', 3, 2, 1000, 5000, 15, '2023-08-09 10:16:03.795269', '2023-08-09 10:16:03.795269')[0m
  ↳ app/controllers/trains_controller.rb:65:in `create'
  [1m[36mTRANSACTION (0.6ms)[0m  [1m[35mCOMMIT[0m
  ↳ app/controllers/trains_controller.rb:65:in `create'
Completed 201 Created in 7ms (Views: 1.0ms | ActiveRecord: 2.3ms | Allocations: 2288)


Started POST "/trains" for 127.0.0.1 at 2023-08-09 15:46:37 +0530
Processing by TrainsController#create as */*
  Parameters: {"train"=>{"trainName"=>"Chennai Exp", "trainNumber"=>"2344", "departureTime"=>"2023-08-10T23:55:00Z", "seatsAvailablesleeper"=>3, "seatsAvailableAC"=>2, "priceSleeper"=>1000, "priceAC"=>5000, "delayedBy"=>15}}
Completed 500 Internal Server Error in 20ms (ActiveRecord: 17.3ms | Allocations: 3206)


  
TypeError (nil can't be coerced into Integer):
  
app/controllers/trains_controller.rb:62:in `+'
app/controllers/trains_controller.rb:62:in `create'
Started POST "/trains" for 127.0.0.1 at 2023-08-09 15:46:51 +0530
Processing by TrainsController#create as */*
  Parameters: {"train"=>{"trainName"=>"Chennai Exp", "trainNumber"=>"2344", "departureTime"=>"2023-08-10T23:55:00Z", "seatsAvailablesleeper"=>3, "seatsAvailableAC"=>2, "priceSleeper"=>1000, "priceAC"=>5000, "delayedBy"=>15}}
Completed 500 Internal Server Error in 23ms (ActiveRecord: 20.5ms | Allocations: 3271)


  
NoMethodError (undefined method `+' for nil:NilClass):
  
app/controllers/trains_controller.rb:62:in `create'
Started POST "/trains" for 127.0.0.1 at 2023-08-09 15:47:42 +0530
Processing by TrainsController#create as */*
  Parameters: {"train"=>{"trainName"=>"Chennai Exp", "trainNumber"=>"2344", "departureTime"=>"2023-08-10T23:55:00Z", "seatsAvailablesleeper"=>3, "seatsAvailableAC"=>2, "priceSleeper"=>1000, "priceAC"=>5000, "delayedBy"=>15}}
  [1m[36mTRANSACTION (0.1ms)[0m  [1m[35mBEGIN[0m
  ↳ app/controllers/trains_controller.rb:64:in `create'
  [1m[36mTrain Create (0.6ms)[0m  [1m[32mINSERT INTO `trains` (`trainName`, `trainNumber`, `departureTime`, `seatsAvailablesleeper`, `seatsAvailableAC`, `priceSleeper`, `priceAC`, `delayedBy`, `created_at`, `updated_at`) VALUES ('Chennai Exp', '2344', '23:55:00', 3, 2, 1000, 5000, 15, '2023-08-09 10:17:42.499255', '2023-08-09 10:17:42.499255')[0m
  ↳ app/controllers/trains_controller.rb:64:in `create'
  [1m[36mTRANSACTION (0.8ms)[0m  [1m[35mCOMMIT[0m
  ↳ app/controllers/trains_controller.rb:64:in `create'
Completed 201 Created in 13ms (Views: 0.3ms | ActiveRecord: 9.0ms | Allocations: 5443)


Started POST "/trains" for 127.0.0.1 at 2023-08-09 15:48:46 +0530
Processing by TrainsController#create as */*
  Parameters: {"train"=>{"trainName"=>"Hyderabad Exp", "trainNumber"=>"2300", "departureTime"=>"2023-08-10T22:02:00Z", "seatsAvailablesleeper"=>6, "seatsAvailableAC"=>4, "priceSleeper"=>900, "priceAC"=>4000, "delayedBy"=>6}}
  [1m[36mTRANSACTION (0.6ms)[0m  [1m[35mBEGIN[0m
  ↳ app/controllers/trains_controller.rb:64:in `create'
  [1m[36mTrain Create (1.6ms)[0m  [1m[32mINSERT INTO `trains` (`trainName`, `trainNumber`, `departureTime`, `seatsAvailablesleeper`, `seatsAvailableAC`, `priceSleeper`, `priceAC`, `delayedBy`, `created_at`, `updated_at`) VALUES ('Hyderabad Exp', '2300', '22:02:00', 6, 4, 900, 4000, 6, '2023-08-09 10:18:46.112265', '2023-08-09 10:18:46.112265')[0m
  ↳ app/controllers/trains_controller.rb:64:in `create'
  [1m[36mTRANSACTION (1.1ms)[0m  [1m[35mCOMMIT[0m
  ↳ app/controllers/trains_controller.rb:64:in `create'
Completed 201 Created in 10ms (Views: 0.9ms | ActiveRecord: 3.3ms | Allocations: 2284)


Started GET "/trains/upcoming" for 127.0.0.1 at 2023-08-09 15:50:07 +0530
Processing by TrainsController#show as */*
  Parameters: {"id"=>"upcoming"}
  [1m[36mTrain Load (3.0ms)[0m  [1m[34mSELECT `trains`.* FROM `trains` WHERE `trains`.`id` = NULL LIMIT 1[0m
  ↳ app/controllers/trains_controller.rb:88:in `set_train'
Completed 404 Not Found in 10ms (ActiveRecord: 3.0ms | Allocations: 1304)


  
ActiveRecord::RecordNotFound (Couldn't find Train with 'id'=upcoming):
  
app/controllers/trains_controller.rb:88:in `set_train'
Started GET "/trains/upcoming" for 127.0.0.1 at 2023-08-09 15:51:58 +0530
Processing by TrainsController#show as */*
  Parameters: {"id"=>"upcoming"}
  [1m[36mTrain Load (0.8ms)[0m  [1m[34mSELECT `trains`.* FROM `trains` WHERE `trains`.`id` = NULL LIMIT 1[0m
  ↳ app/controllers/trains_controller.rb:88:in `set_train'
Completed 404 Not Found in 12ms (ActiveRecord: 9.7ms | Allocations: 1940)


  
ActiveRecord::RecordNotFound (Couldn't find Train with 'id'=upcoming):
  
app/controllers/trains_controller.rb:88:in `set_train'
Started GET "/trains/upcoming" for 127.0.0.1 at 2023-08-09 15:52:16 +0530
Processing by TrainsController#show as */*
  Parameters: {"id"=>"upcoming"}
  [1m[36mTrain Load (0.3ms)[0m  [1m[34mSELECT `trains`.* FROM `trains` WHERE `trains`.`id` = NULL LIMIT 1[0m
  ↳ app/controllers/trains_controller.rb:88:in `set_train'
Completed 404 Not Found in 11ms (ActiveRecord: 8.7ms | Allocations: 1940)


  
ActiveRecord::RecordNotFound (Couldn't find Train with 'id'=upcoming):
  
app/controllers/trains_controller.rb:88:in `set_train'
Started GET "/trains/upcoming" for 127.0.0.1 at 2023-08-09 15:52:29 +0530
Processing by TrainsController#show as */*
  Parameters: {"id"=>"upcoming"}
  [1m[36mTrain Load (0.5ms)[0m  [1m[34mSELECT `trains`.* FROM `trains` WHERE `trains`.`id` = NULL LIMIT 1[0m
  ↳ app/controllers/trains_controller.rb:88:in `set_train'
Completed 404 Not Found in 2ms (ActiveRecord: 0.5ms | Allocations: 564)


  
ActiveRecord::RecordNotFound (Couldn't find Train with 'id'=upcoming):
  
app/controllers/trains_controller.rb:88:in `set_train'
Started GET "/trains" for 127.0.0.1 at 2023-08-09 15:53:50 +0530
Processing by TrainsController#index as */*
  [1m[36mTrain Load (3.0ms)[0m  [1m[34mSELECT `trains`.* FROM `trains` WHERE (departureTime >= '2023-08-09 10:53:50.720669' AND departureTime <= '2023-08-09 22:23:50.720734') ORDER BY `price` ASC, `seatsAvailable` DESC, `trains`.`departureTime` DESC[0m
  ↳ app/controllers/trains_controller.rb:7:in `map'
Completed 500 Internal Server Error in 10ms (ActiveRecord: 7.0ms | Allocations: 2163)


  
ActiveRecord::StatementInvalid (Mysql2::Error: Unknown column 'price' in 'order clause'):
  
app/controllers/trains_controller.rb:7:in `map'
app/controllers/trains_controller.rb:7:in `index'
Started GET "/trains" for 127.0.0.1 at 2023-08-09 15:55:04 +0530
Processing by TrainsController#index as */*
  [1m[36mTrain Load (5.6ms)[0m  [1m[34mSELECT `trains`.* FROM `trains` WHERE (departureTime >= '2023-08-09 10:55:04.225222' AND departureTime <= '2023-08-09 22:25:04.225254') ORDER BY `trains`.`priceSleeper` ASC, `trains`.`seatsAvailablesleeper` DESC, `trains`.`departureTime` DESC[0m
  ↳ app/controllers/trains_controller.rb:7:in `map'
Completed 200 OK in 20ms (Views: 0.1ms | ActiveRecord: 14.9ms | Allocations: 4459)


Started POST "/trains" for 127.0.0.1 at 2023-08-09 15:56:22 +0530
Processing by TrainsController#create as */*
  Parameters: {"train"=>{"trainName"=>"Vizag Exp", "trainNumber"=>"2300", "departureTime"=>"2023-08-10T22:02:00Z", "seatsAvailablesleeper"=>6, "seatsAvailableAC"=>3, "priceSleeper"=>800, "priceAC"=>3000, "delayedBy"=>6}}
  [1m[36mTRANSACTION (0.6ms)[0m  [1m[35mBEGIN[0m
  ↳ app/controllers/trains_controller.rb:58:in `create'
  [1m[36mTrain Create (7.7ms)[0m  [1m[32mINSERT INTO `trains` (`trainName`, `trainNumber`, `departureTime`, `seatsAvailablesleeper`, `seatsAvailableAC`, `priceSleeper`, `priceAC`, `delayedBy`, `created_at`, `updated_at`) VALUES ('Vizag Exp', '2300', '22:02:00', 6, 3, 800, 3000, 6, '2023-08-09 10:26:22.199926', '2023-08-09 10:26:22.199926')[0m
  ↳ app/controllers/trains_controller.rb:58:in `create'
  [1m[36mTRANSACTION (1.6ms)[0m  [1m[35mCOMMIT[0m
  ↳ app/controllers/trains_controller.rb:58:in `create'
Completed 201 Created in 25ms (Views: 6.3ms | ActiveRecord: 9.9ms | Allocations: 2437)


Started GET "/trains" for 127.0.0.1 at 2023-08-09 15:56:26 +0530
Processing by TrainsController#index as */*
  [1m[36mTrain Load (0.6ms)[0m  [1m[34mSELECT `trains`.* FROM `trains` WHERE (departureTime >= '2023-08-09 10:56:26.727826' AND departureTime <= '2023-08-09 22:26:26.727878') ORDER BY `trains`.`priceSleeper` ASC, `trains`.`seatsAvailablesleeper` DESC, `trains`.`departureTime` DESC[0m
  ↳ app/controllers/trains_controller.rb:7:in `map'
Completed 200 OK in 3ms (Views: 0.4ms | ActiveRecord: 0.6ms | Allocations: 971)


Started POST "/trains" for 127.0.0.1 at 2023-08-09 15:57:44 +0530
Processing by TrainsController#create as */*
  Parameters: {"train"=>{"trainName"=>"Rajadani Exp", "trainNumber"=>"2300", "departureTime"=>"2023-08-10T23:00:00Z", "seatsAvailablesleeper"=>10, "seatsAvailableAC"=>10, "priceSleeper"=>1200, "priceAC"=>6000, "delayedBy"=>0}}
  [1m[36mTRANSACTION (0.5ms)[0m  [1m[35mBEGIN[0m
  ↳ app/controllers/trains_controller.rb:58:in `create'
  [1m[36mTrain Create (1.6ms)[0m  [1m[32mINSERT INTO `trains` (`trainName`, `trainNumber`, `departureTime`, `seatsAvailablesleeper`, `seatsAvailableAC`, `priceSleeper`, `priceAC`, `delayedBy`, `created_at`, `updated_at`) VALUES ('Rajadani Exp', '2300', '23:00:00', 10, 10, 1200, 6000, 0, '2023-08-09 10:27:44.267458', '2023-08-09 10:27:44.267458')[0m
  ↳ app/controllers/trains_controller.rb:58:in `create'
  [1m[36mTRANSACTION (1.4ms)[0m  [1m[35mCOMMIT[0m
  ↳ app/controllers/trains_controller.rb:58:in `create'
Completed 201 Created in 11ms (Views: 0.5ms | ActiveRecord: 3.5ms | Allocations: 2284)


Started GET "/trains" for 127.0.0.1 at 2023-08-09 15:57:49 +0530
Processing by TrainsController#index as */*
  [1m[36mTrain Load (0.5ms)[0m  [1m[34mSELECT `trains`.* FROM `trains` WHERE (departureTime >= '2023-08-09 10:57:49.111986' AND departureTime <= '2023-08-09 22:27:49.113738') ORDER BY `trains`.`priceSleeper` ASC, `trains`.`seatsAvailablesleeper` DESC, `trains`.`departureTime` DESC[0m
  ↳ app/controllers/trains_controller.rb:7:in `map'
Completed 200 OK in 5ms (Views: 0.4ms | ActiveRecord: 0.5ms | Allocations: 970)


Started GET "/trains" for 127.0.0.1 at 2023-08-09 16:00:20 +0530
Processing by TrainsController#index as */*
  [1m[36mTrain Load (0.7ms)[0m  [1m[34mSELECT `trains`.* FROM `trains` WHERE (departureTime >= '2023-08-09 11:00:20.920955' AND departureTime <= '2023-08-09 22:30:20.920993') ORDER BY `trains`.`priceSleeper` ASC, `trains`.`priceAC` ASC, `trains`.`seatsAvailablesleeper` DESC, `trains`.`seatsAvailableAC` DESC, `trains`.`departureTime` DESC[0m
  ↳ app/controllers/trains_controller.rb:7:in `map'
Completed 200 OK in 13ms (Views: 0.1ms | ActiveRecord: 8.4ms | Allocations: 4519)


Started GET "/trains" for 127.0.0.1 at 2023-08-09 16:50:48 +0530
Processing by TrainsController#index as */*
  [1m[36mTrain Load (17.5ms)[0m  [1m[34mSELECT `trains`.* FROM `trains` WHERE (departureTime >= '2023-08-09 11:50:48.359297' AND departureTime <= '2023-08-09 23:20:48.360103') ORDER BY `trains`.`priceSleeper` ASC, `trains`.`priceAC` ASC, `trains`.`seatsAvailablesleeper` DESC, `trains`.`seatsAvailableAC` DESC, `trains`.`departureTime` DESC[0m
  ↳ app/controllers/trains_controller.rb:7:in `map'
Completed 200 OK in 114ms (Views: 1.1ms | ActiveRecord: 35.4ms | Allocations: 1213)


Started GET "/trains" for 127.0.0.1 at 2023-08-09 16:51:00 +0530
Processing by TrainsController#index as HTML
  [1m[36mTrain Load (17.2ms)[0m  [1m[34mSELECT `trains`.* FROM `trains` WHERE (departureTime >= '2023-08-09 11:51:00.199235' AND departureTime <= '2023-08-09 23:21:00.199406') ORDER BY `trains`.`priceSleeper` ASC, `trains`.`priceAC` ASC, `trains`.`seatsAvailablesleeper` DESC, `trains`.`seatsAvailableAC` DESC, `trains`.`departureTime` DESC[0m
  ↳ app/controllers/trains_controller.rb:7:in `map'
Completed 200 OK in 95ms (Views: 0.8ms | ActiveRecord: 17.2ms | Allocations: 1095)


Started GET "/trains" for 127.0.0.1 at 2023-08-09 16:51:02 +0530
Processing by TrainsController#index as HTML
  [1m[36mTrain Load (0.6ms)[0m  [1m[34mSELECT `trains`.* FROM `trains` WHERE (departureTime >= '2023-08-09 11:51:02.623315' AND departureTime <= '2023-08-09 23:21:02.623337') ORDER BY `trains`.`priceSleeper` ASC, `trains`.`priceAC` ASC, `trains`.`seatsAvailablesleeper` DESC, `trains`.`seatsAvailableAC` DESC, `trains`.`departureTime` DESC[0m
  ↳ app/controllers/trains_controller.rb:7:in `map'
Completed 200 OK in 4ms (Views: 0.4ms | ActiveRecord: 0.6ms | Allocations: 1096)


Started GET "/trains" for 127.0.0.1 at 2023-08-09 16:51:02 +0530
Processing by TrainsController#index as HTML
  [1m[36mTrain Load (0.4ms)[0m  [1m[34mSELECT `trains`.* FROM `trains` WHERE (departureTime >= '2023-08-09 11:51:02.635002' AND departureTime <= '2023-08-09 23:21:02.635021') ORDER BY `trains`.`priceSleeper` ASC, `trains`.`priceAC` ASC, `trains`.`seatsAvailablesleeper` DESC, `trains`.`seatsAvailableAC` DESC, `trains`.`departureTime` DESC[0m
  ↳ app/controllers/trains_controller.rb:7:in `map'
Completed 200 OK in 3ms (Views: 0.3ms | ActiveRecord: 0.4ms | Allocations: 1093)


Started GET "/trains" for 127.0.0.1 at 2023-08-09 16:51:06 +0530
Processing by TrainsController#index as HTML
  [1m[36mTrain Load (0.5ms)[0m  [1m[34mSELECT `trains`.* FROM `trains` WHERE (departureTime >= '2023-08-09 11:51:06.960326' AND departureTime <= '2023-08-09 23:21:06.960350') ORDER BY `trains`.`priceSleeper` ASC, `trains`.`priceAC` ASC, `trains`.`seatsAvailablesleeper` DESC, `trains`.`seatsAvailableAC` DESC, `trains`.`departureTime` DESC[0m
  ↳ app/controllers/trains_controller.rb:7:in `map'
Completed 200 OK in 3ms (Views: 0.3ms | ActiveRecord: 0.5ms | Allocations: 1093)


Started GET "/trains" for 127.0.0.1 at 2023-08-09 16:51:06 +0530
Processing by TrainsController#index as HTML
  [1m[36mTrain Load (0.6ms)[0m  [1m[34mSELECT `trains`.* FROM `trains` WHERE (departureTime >= '2023-08-09 11:51:06.975383' AND departureTime <= '2023-08-09 23:21:06.975410') ORDER BY `trains`.`priceSleeper` ASC, `trains`.`priceAC` ASC, `trains`.`seatsAvailablesleeper` DESC, `trains`.`seatsAvailableAC` DESC, `trains`.`departureTime` DESC[0m
  ↳ app/controllers/trains_controller.rb:7:in `map'
Completed 200 OK in 5ms (Views: 0.3ms | ActiveRecord: 0.6ms | Allocations: 1093)


Started GET "/trains" for 127.0.0.1 at 2023-08-09 16:51:18 +0530
Processing by TrainsController#index as HTML
  [1m[36mTrain Load (3.2ms)[0m  [1m[34mSELECT `trains`.* FROM `trains` WHERE (departureTime >= '2023-08-09 11:51:18.533768' AND departureTime <= '2023-08-09 23:21:18.534270') ORDER BY `trains`.`priceSleeper` ASC, `trains`.`priceAC` ASC, `trains`.`seatsAvailablesleeper` DESC, `trains`.`seatsAvailableAC` DESC, `trains`.`departureTime` DESC[0m
  ↳ app/controllers/trains_controller.rb:7:in `map'
Completed 200 OK in 36ms (Views: 0.3ms | ActiveRecord: 3.2ms | Allocations: 1093)


Started GET "/trains" for 127.0.0.1 at 2023-08-09 16:51:19 +0530
Processing by TrainsController#index as HTML
  [1m[36mTrain Load (0.5ms)[0m  [1m[34mSELECT `trains`.* FROM `trains` WHERE (departureTime >= '2023-08-09 11:51:19.887420' AND departureTime <= '2023-08-09 23:21:19.887442') ORDER BY `trains`.`priceSleeper` ASC, `trains`.`priceAC` ASC, `trains`.`seatsAvailablesleeper` DESC, `trains`.`seatsAvailableAC` DESC, `trains`.`departureTime` DESC[0m
  ↳ app/controllers/trains_controller.rb:7:in `map'
Completed 200 OK in 3ms (Views: 0.4ms | ActiveRecord: 0.5ms | Allocations: 1093)


Started GET "/trains" for 127.0.0.1 at 2023-08-09 16:51:19 +0530
Processing by TrainsController#index as HTML
  [1m[36mTrain Load (1.3ms)[0m  [1m[34mSELECT `trains`.* FROM `trains` WHERE (departureTime >= '2023-08-09 11:51:19.900195' AND departureTime <= '2023-08-09 23:21:19.900255') ORDER BY `trains`.`priceSleeper` ASC, `trains`.`priceAC` ASC, `trains`.`seatsAvailablesleeper` DESC, `trains`.`seatsAvailableAC` DESC, `trains`.`departureTime` DESC[0m
  ↳ app/controllers/trains_controller.rb:7:in `map'
Completed 200 OK in 9ms (Views: 0.3ms | ActiveRecord: 1.3ms | Allocations: 1093)


Started GET "/trains" for 127.0.0.1 at 2023-08-09 16:51:20 +0530
Processing by TrainsController#index as HTML
  [1m[36mTrain Load (0.5ms)[0m  [1m[34mSELECT `trains`.* FROM `trains` WHERE (departureTime >= '2023-08-09 11:51:20.786132' AND departureTime <= '2023-08-09 23:21:20.786153') ORDER BY `trains`.`priceSleeper` ASC, `trains`.`priceAC` ASC, `trains`.`seatsAvailablesleeper` DESC, `trains`.`seatsAvailableAC` DESC, `trains`.`departureTime` DESC[0m
  ↳ app/controllers/trains_controller.rb:7:in `map'
Completed 200 OK in 3ms (Views: 0.3ms | ActiveRecord: 0.5ms | Allocations: 1094)


Started GET "/trains" for 127.0.0.1 at 2023-08-09 16:51:20 +0530
Processing by TrainsController#index as HTML
  [1m[36mTrain Load (0.6ms)[0m  [1m[34mSELECT `trains`.* FROM `trains` WHERE (departureTime >= '2023-08-09 11:51:20.797421' AND departureTime <= '2023-08-09 23:21:20.797438') ORDER BY `trains`.`priceSleeper` ASC, `trains`.`priceAC` ASC, `trains`.`seatsAvailablesleeper` DESC, `trains`.`seatsAvailableAC` DESC, `trains`.`departureTime` DESC[0m
  ↳ app/controllers/trains_controller.rb:7:in `map'
Completed 200 OK in 3ms (Views: 0.3ms | ActiveRecord: 0.6ms | Allocations: 1093)


Started GET "/trains" for 127.0.0.1 at 2023-08-09 16:51:22 +0530
Processing by TrainsController#index as HTML
  [1m[36mTrain Load (0.5ms)[0m  [1m[34mSELECT `trains`.* FROM `trains` WHERE (departureTime >= '2023-08-09 11:51:22.176200' AND departureTime <= '2023-08-09 23:21:22.176221') ORDER BY `trains`.`priceSleeper` ASC, `trains`.`priceAC` ASC, `trains`.`seatsAvailablesleeper` DESC, `trains`.`seatsAvailableAC` DESC, `trains`.`departureTime` DESC[0m
  ↳ app/controllers/trains_controller.rb:7:in `map'
Completed 200 OK in 4ms (Views: 0.4ms | ActiveRecord: 0.5ms | Allocations: 1093)


Started GET "/trains" for 127.0.0.1 at 2023-08-09 16:51:22 +0530
Processing by TrainsController#index as HTML
  [1m[36mTrain Load (0.4ms)[0m  [1m[34mSELECT `trains`.* FROM `trains` WHERE (departureTime >= '2023-08-09 11:51:22.189684' AND departureTime <= '2023-08-09 23:21:22.189704') ORDER BY `trains`.`priceSleeper` ASC, `trains`.`priceAC` ASC, `trains`.`seatsAvailablesleeper` DESC, `trains`.`seatsAvailableAC` DESC, `trains`.`departureTime` DESC[0m
  ↳ app/controllers/trains_controller.rb:7:in `map'
Completed 200 OK in 2ms (Views: 0.3ms | ActiveRecord: 0.4ms | Allocations: 1093)


Started GET "/trains" for 127.0.0.1 at 2023-08-09 16:51:24 +0530
Processing by TrainsController#index as HTML
  [1m[36mTrain Load (0.6ms)[0m  [1m[34mSELECT `trains`.* FROM `trains` WHERE (departureTime >= '2023-08-09 11:51:24.235491' AND departureTime <= '2023-08-09 23:21:24.235510') ORDER BY `trains`.`priceSleeper` ASC, `trains`.`priceAC` ASC, `trains`.`seatsAvailablesleeper` DESC, `trains`.`seatsAvailableAC` DESC, `trains`.`departureTime` DESC[0m
  ↳ app/controllers/trains_controller.rb:7:in `map'
Completed 200 OK in 3ms (Views: 0.3ms | ActiveRecord: 0.6ms | Allocations: 1093)


Started GET "/trains" for 127.0.0.1 at 2023-08-09 16:51:24 +0530
Processing by TrainsController#index as HTML
  [1m[36mTrain Load (0.4ms)[0m  [1m[34mSELECT `trains`.* FROM `trains` WHERE (departureTime >= '2023-08-09 11:51:24.246688' AND departureTime <= '2023-08-09 23:21:24.246708') ORDER BY `trains`.`priceSleeper` ASC, `trains`.`priceAC` ASC, `trains`.`seatsAvailablesleeper` DESC, `trains`.`seatsAvailableAC` DESC, `trains`.`departureTime` DESC[0m
  ↳ app/controllers/trains_controller.rb:7:in `map'
Completed 200 OK in 3ms (Views: 0.3ms | ActiveRecord: 0.4ms | Allocations: 1093)


Started GET "/trains" for 127.0.0.1 at 2023-08-09 16:51:24 +0530
Processing by TrainsController#index as HTML
  [1m[36mTrain Load (0.5ms)[0m  [1m[34mSELECT `trains`.* FROM `trains` WHERE (departureTime >= '2023-08-09 11:51:24.764150' AND departureTime <= '2023-08-09 23:21:24.764170') ORDER BY `trains`.`priceSleeper` ASC, `trains`.`priceAC` ASC, `trains`.`seatsAvailablesleeper` DESC, `trains`.`seatsAvailableAC` DESC, `trains`.`departureTime` DESC[0m
  ↳ app/controllers/trains_controller.rb:7:in `map'
Completed 200 OK in 22ms (Views: 0.2ms | ActiveRecord: 0.5ms | Allocations: 1094)


Started GET "/trains" for 127.0.0.1 at 2023-08-09 16:51:24 +0530
Processing by TrainsController#index as HTML
  [1m[36mTrain Load (0.5ms)[0m  [1m[34mSELECT `trains`.* FROM `trains` WHERE (departureTime >= '2023-08-09 11:51:24.790903' AND departureTime <= '2023-08-09 23:21:24.790915') ORDER BY `trains`.`priceSleeper` ASC, `trains`.`priceAC` ASC, `trains`.`seatsAvailablesleeper` DESC, `trains`.`seatsAvailableAC` DESC, `trains`.`departureTime` DESC[0m
  ↳ app/controllers/trains_controller.rb:7:in `map'
Completed 200 OK in 4ms (Views: 1.9ms | ActiveRecord: 0.5ms | Allocations: 1093)


Started GET "/trains" for 127.0.0.1 at 2023-08-09 16:51:25 +0530
Processing by TrainsController#index as HTML
  [1m[36mTrain Load (0.7ms)[0m  [1m[34mSELECT `trains`.* FROM `trains` WHERE (departureTime >= '2023-08-09 11:51:25.213914' AND departureTime <= '2023-08-09 23:21:25.213937') ORDER BY `trains`.`priceSleeper` ASC, `trains`.`priceAC` ASC, `trains`.`seatsAvailablesleeper` DESC, `trains`.`seatsAvailableAC` DESC, `trains`.`departureTime` DESC[0m
  ↳ app/controllers/trains_controller.rb:7:in `map'
Completed 200 OK in 3ms (Views: 0.5ms | ActiveRecord: 0.7ms | Allocations: 1093)


Started GET "/trains" for 127.0.0.1 at 2023-08-09 16:51:25 +0530
Processing by TrainsController#index as HTML
  [1m[36mTrain Load (0.4ms)[0m  [1m[34mSELECT `trains`.* FROM `trains` WHERE (departureTime >= '2023-08-09 11:51:25.226979' AND departureTime <= '2023-08-09 23:21:25.226999') ORDER BY `trains`.`priceSleeper` ASC, `trains`.`priceAC` ASC, `trains`.`seatsAvailablesleeper` DESC, `trains`.`seatsAvailableAC` DESC, `trains`.`departureTime` DESC[0m
  ↳ app/controllers/trains_controller.rb:7:in `map'
Completed 200 OK in 2ms (Views: 0.3ms | ActiveRecord: 0.4ms | Allocations: 1093)


Started GET "/trains" for 127.0.0.1 at 2023-08-09 16:51:25 +0530
Processing by TrainsController#index as HTML
  [1m[36mTrain Load (0.6ms)[0m  [1m[34mSELECT `trains`.* FROM `trains` WHERE (departureTime >= '2023-08-09 11:51:25.530646' AND departureTime <= '2023-08-09 23:21:25.530669') ORDER BY `trains`.`priceSleeper` ASC, `trains`.`priceAC` ASC, `trains`.`seatsAvailablesleeper` DESC, `trains`.`seatsAvailableAC` DESC, `trains`.`departureTime` DESC[0m
  ↳ app/controllers/trains_controller.rb:7:in `map'
Completed 200 OK in 5ms (Views: 0.4ms | ActiveRecord: 0.6ms | Allocations: 1093)


Started GET "/trains" for 127.0.0.1 at 2023-08-09 16:51:25 +0530
Processing by TrainsController#index as HTML
  [1m[36mTrain Load (0.4ms)[0m  [1m[34mSELECT `trains`.* FROM `trains` WHERE (departureTime >= '2023-08-09 11:51:25.544758' AND departureTime <= '2023-08-09 23:21:25.544780') ORDER BY `trains`.`priceSleeper` ASC, `trains`.`priceAC` ASC, `trains`.`seatsAvailablesleeper` DESC, `trains`.`seatsAvailableAC` DESC, `trains`.`departureTime` DESC[0m
  ↳ app/controllers/trains_controller.rb:7:in `map'
Completed 200 OK in 2ms (Views: 0.5ms | ActiveRecord: 0.4ms | Allocations: 1093)


Started GET "/trains" for 127.0.0.1 at 2023-08-09 16:51:54 +0530
Processing by TrainsController#index as HTML
  [1m[36mTrain Load (1.1ms)[0m  [1m[34mSELECT `trains`.* FROM `trains` WHERE (departureTime >= '2023-08-09 11:51:54.929838' AND departureTime <= '2023-08-09 23:21:54.929955') ORDER BY `trains`.`priceSleeper` ASC, `trains`.`priceAC` ASC, `trains`.`seatsAvailablesleeper` DESC, `trains`.`seatsAvailableAC` DESC, `trains`.`departureTime` DESC[0m
  ↳ app/controllers/trains_controller.rb:7:in `map'
Completed 200 OK in 5ms (Views: 0.4ms | ActiveRecord: 1.1ms | Allocations: 1093)


Started GET "/trains" for 127.0.0.1 at 2023-08-09 16:51:57 +0530
Processing by TrainsController#index as HTML
  [1m[36mTrain Load (0.4ms)[0m  [1m[34mSELECT `trains`.* FROM `trains` WHERE (departureTime >= '2023-08-09 11:51:57.092731' AND departureTime <= '2023-08-09 23:21:57.092751') ORDER BY `trains`.`priceSleeper` ASC, `trains`.`priceAC` ASC, `trains`.`seatsAvailablesleeper` DESC, `trains`.`seatsAvailableAC` DESC, `trains`.`departureTime` DESC[0m
  ↳ app/controllers/trains_controller.rb:7:in `map'
Completed 200 OK in 2ms (Views: 0.3ms | ActiveRecord: 0.4ms | Allocations: 1093)


Started GET "/trains" for 127.0.0.1 at 2023-08-09 16:51:57 +0530
Processing by TrainsController#index as HTML
  [1m[36mTrain Load (0.9ms)[0m  [1m[34mSELECT `trains`.* FROM `trains` WHERE (departureTime >= '2023-08-09 11:51:57.103316' AND departureTime <= '2023-08-09 23:21:57.103385') ORDER BY `trains`.`priceSleeper` ASC, `trains`.`priceAC` ASC, `trains`.`seatsAvailablesleeper` DESC, `trains`.`seatsAvailableAC` DESC, `trains`.`departureTime` DESC[0m
  ↳ app/controllers/trains_controller.rb:7:in `map'
Completed 200 OK in 4ms (Views: 0.3ms | ActiveRecord: 0.9ms | Allocations: 1093)


Started GET "/trains" for 127.0.0.1 at 2023-08-09 16:51:58 +0530
Processing by TrainsController#index as HTML
  [1m[36mTrain Load (0.7ms)[0m  [1m[34mSELECT `trains`.* FROM `trains` WHERE (departureTime >= '2023-08-09 11:51:58.793953' AND departureTime <= '2023-08-09 23:21:58.793975') ORDER BY `trains`.`priceSleeper` ASC, `trains`.`priceAC` ASC, `trains`.`seatsAvailablesleeper` DESC, `trains`.`seatsAvailableAC` DESC, `trains`.`departureTime` DESC[0m
  ↳ app/controllers/trains_controller.rb:7:in `map'
Completed 200 OK in 3ms (Views: 0.4ms | ActiveRecord: 0.7ms | Allocations: 1093)


Started GET "/trains" for 127.0.0.1 at 2023-08-09 16:51:58 +0530
Processing by TrainsController#index as HTML
  [1m[36mTrain Load (0.7ms)[0m  [1m[34mSELECT `trains`.* FROM `trains` WHERE (departureTime >= '2023-08-09 11:51:58.807030' AND departureTime <= '2023-08-09 23:21:58.807055') ORDER BY `trains`.`priceSleeper` ASC, `trains`.`priceAC` ASC, `trains`.`seatsAvailablesleeper` DESC, `trains`.`seatsAvailableAC` DESC, `trains`.`departureTime` DESC[0m
  ↳ app/controllers/trains_controller.rb:7:in `map'
Completed 200 OK in 3ms (Views: 0.3ms | ActiveRecord: 0.7ms | Allocations: 1093)


Started GET "/trains" for 127.0.0.1 at 2023-08-09 16:53:49 +0530
Processing by TrainsController#index as HTML
  [1m[36mTrain Load (3.3ms)[0m  [1m[34mSELECT `trains`.* FROM `trains` WHERE (departureTime >= '2023-08-09 11:53:49.333331' AND departureTime <= '2023-08-09 23:23:49.333417') ORDER BY `trains`.`priceSleeper` ASC, `trains`.`priceAC` ASC, `trains`.`seatsAvailablesleeper` DESC, `trains`.`seatsAvailableAC` DESC, `trains`.`departureTime` DESC[0m
  ↳ app/controllers/trains_controller.rb:7:in `map'
Completed 200 OK in 38ms (Views: 0.3ms | ActiveRecord: 3.3ms | Allocations: 1093)


Started GET "/trains" for 127.0.0.1 at 2023-08-09 16:53:49 +0530
Processing by TrainsController#index as HTML
  [1m[36mTrain Load (0.4ms)[0m  [1m[34mSELECT `trains`.* FROM `trains` WHERE (departureTime >= '2023-08-09 11:53:49.379962' AND departureTime <= '2023-08-09 23:23:49.379972') ORDER BY `trains`.`priceSleeper` ASC, `trains`.`priceAC` ASC, `trains`.`seatsAvailablesleeper` DESC, `trains`.`seatsAvailableAC` DESC, `trains`.`departureTime` DESC[0m
  ↳ app/controllers/trains_controller.rb:7:in `map'
Completed 200 OK in 4ms (Views: 0.1ms | ActiveRecord: 0.4ms | Allocations: 1093)


Started GET "/trains" for 127.0.0.1 at 2023-08-09 16:55:21 +0530
Processing by TrainsController#index as HTML
  [1m[36mTrain Load (1.1ms)[0m  [1m[34mSELECT `trains`.* FROM `trains` WHERE (departureTime >= '2023-08-09 11:55:21.070100' AND departureTime <= '2023-08-09 23:25:21.070213') ORDER BY `trains`.`priceSleeper` ASC, `trains`.`priceAC` ASC, `trains`.`seatsAvailablesleeper` DESC, `trains`.`seatsAvailableAC` DESC, `trains`.`departureTime` DESC[0m
  ↳ app/controllers/trains_controller.rb:7:in `map'
Completed 200 OK in 18ms (Views: 4.1ms | ActiveRecord: 1.1ms | Allocations: 1094)


Started GET "/trains" for 127.0.0.1 at 2023-08-09 16:58:42 +0530
Processing by TrainsController#index as */*
  [1m[36mTrain Load (1.3ms)[0m  [1m[34mSELECT `trains`.* FROM `trains` WHERE (departureTime >= '2023-08-09 11:58:42.234506' AND departureTime <= '2023-08-09 23:28:42.234606') ORDER BY `trains`.`priceSleeper` ASC, `trains`.`priceAC` ASC, `trains`.`seatsAvailablesleeper` DESC, `trains`.`seatsAvailableAC` DESC, `trains`.`departureTime` DESC[0m
  ↳ app/controllers/trains_controller.rb:7:in `map'
Completed 200 OK in 7ms (Views: 0.8ms | ActiveRecord: 1.3ms | Allocations: 1097)


Started GET "/trains/1302" for 127.0.0.1 at 2023-08-09 17:02:25 +0530
Processing by TrainsController#show as */*
  Parameters: {"id"=>"1302"}
  [1m[36mTrain Load (0.3ms)[0m  [1m[34mSELECT `trains`.* FROM `trains` WHERE `trains`.`id` = 1302 LIMIT 1[0m
  ↳ app/controllers/trains_controller.rb:83:in `set_train'
Completed 404 Not Found in 39ms (ActiveRecord: 33.6ms | Allocations: 1942)


  
ActiveRecord::RecordNotFound (Couldn't find Train with 'id'=1302):
  
app/controllers/trains_controller.rb:83:in `set_train'
Started GET "/trains/1302" for 127.0.0.1 at 2023-08-09 17:03:09 +0530
Processing by TrainsController#show as */*
  Parameters: {"id"=>"1302"}
  [1m[36mTrain Load (0.2ms)[0m  [1m[34mSELECT `trains`.* FROM `trains` WHERE `trains`.`id` = 1302 LIMIT 1[0m
  ↳ app/controllers/trains_controller.rb:83:in `set_train'
Completed 404 Not Found in 14ms (ActiveRecord: 11.1ms | Allocations: 1941)


  
ActiveRecord::RecordNotFound (Couldn't find Train with 'id'=1302):
  
app/controllers/trains_controller.rb:83:in `set_train'
Started GET "/trains/1302" for 127.0.0.1 at 2023-08-09 17:05:21 +0530
Processing by TrainsController#show as */*
  Parameters: {"id"=>"1302"}
  [1m[36mTrain Load (0.3ms)[0m  [1m[34mSELECT `trains`.* FROM `trains` WHERE `trains`.`id` = 1302 LIMIT 1[0m
  ↳ app/controllers/trains_controller.rb:83:in `set_train'
Completed 404 Not Found in 15ms (ActiveRecord: 12.2ms | Allocations: 1941)


  
ActiveRecord::RecordNotFound (Couldn't find Train with 'id'=1302):
  
app/controllers/trains_controller.rb:83:in `set_train'
Started GET "/trains/1302" for 127.0.0.1 at 2023-08-09 17:05:57 +0530
Processing by TrainsController#show as */*
  Parameters: {"id"=>"1302"}
  [1m[36mTrain Load (0.3ms)[0m  [1m[34mSELECT `trains`.* FROM `trains` WHERE `trains`.`id` = 1302 LIMIT 1[0m
  ↳ app/controllers/trains_controller.rb:83:in `set_train'
Completed 404 Not Found in 12ms (ActiveRecord: 8.8ms | Allocations: 1941)


  
ActiveRecord::RecordNotFound (Couldn't find Train with 'id'=1302):
  
app/controllers/trains_controller.rb:83:in `set_train'
Started GET "/trains/%221302%22" for 127.0.0.1 at 2023-08-09 17:06:10 +0530
Processing by TrainsController#show as */*
  Parameters: {"id"=>"\"1302\""}
  [1m[36mTrain Load (2.2ms)[0m  [1m[34mSELECT `trains`.* FROM `trains` WHERE `trains`.`id` = NULL LIMIT 1[0m
  ↳ app/controllers/trains_controller.rb:83:in `set_train'
Completed 404 Not Found in 4ms (ActiveRecord: 2.2ms | Allocations: 564)


  
ActiveRecord::RecordNotFound (Couldn't find Train with 'id'="1302"):
  
app/controllers/trains_controller.rb:83:in `set_train'
Started GET "/trains/1302" for 127.0.0.1 at 2023-08-09 17:06:19 +0530
Processing by TrainsController#show as */*
  Parameters: {"id"=>"1302"}
  [1m[36mTrain Load (0.3ms)[0m  [1m[34mSELECT `trains`.* FROM `trains` WHERE `trains`.`id` = 1302 LIMIT 1[0m
  ↳ app/controllers/trains_controller.rb:83:in `set_train'
Completed 404 Not Found in 1ms (ActiveRecord: 0.3ms | Allocations: 565)


  
ActiveRecord::RecordNotFound (Couldn't find Train with 'id'=1302):
  
app/controllers/trains_controller.rb:83:in `set_train'
Started GET "/trains/2344" for 127.0.0.1 at 2023-08-09 17:06:29 +0530
Processing by TrainsController#show as */*
  Parameters: {"id"=>"2344"}
  [1m[36mTrain Load (0.8ms)[0m  [1m[34mSELECT `trains`.* FROM `trains` WHERE `trains`.`id` = 2344 LIMIT 1[0m
  ↳ app/controllers/trains_controller.rb:83:in `set_train'
Completed 404 Not Found in 5ms (ActiveRecord: 0.8ms | Allocations: 565)


  
ActiveRecord::RecordNotFound (Couldn't find Train with 'id'=2344):
  
app/controllers/trains_controller.rb:83:in `set_train'
Started GET "/trains/9" for 127.0.0.1 at 2023-08-09 17:06:35 +0530
Processing by TrainsController#show as */*
  Parameters: {"id"=>"9"}
  [1m[36mTrain Load (0.4ms)[0m  [1m[34mSELECT `trains`.* FROM `trains` WHERE `trains`.`id` = 9 LIMIT 1[0m
  ↳ app/controllers/trains_controller.rb:83:in `set_train'
Completed 404 Not Found in 1ms (ActiveRecord: 0.4ms | Allocations: 565)


  
ActiveRecord::RecordNotFound (Couldn't find Train with 'id'=9):
  
app/controllers/trains_controller.rb:83:in `set_train'
Started GET "/trains/10" for 127.0.0.1 at 2023-08-09 17:06:41 +0530
Processing by TrainsController#show as */*
  Parameters: {"id"=>"10"}
  [1m[36mTrain Load (0.8ms)[0m  [1m[34mSELECT `trains`.* FROM `trains` WHERE `trains`.`id` = 10 LIMIT 1[0m
  ↳ app/controllers/trains_controller.rb:83:in `set_train'
  [1m[36mTrain Load (1.4ms)[0m  [1m[34mSELECT `trains`.* FROM `trains` WHERE `trains`.`trainNumber` = '10' LIMIT 1[0m
  ↳ app/controllers/trains_controller.rb:32:in `show'
Completed 500 Internal Server Error in 25ms (ActiveRecord: 2.1ms | Allocations: 3438)


  
NoMethodError (undefined method `trainName' for nil:NilClass):
  
app/controllers/trains_controller.rb:34:in `show'
Started GET "/trains/10" for 127.0.0.1 at 2023-08-09 17:07:31 +0530
Processing by TrainsController#show as */*
  Parameters: {"id"=>"10"}
  [1m[36mTrain Load (0.5ms)[0m  [1m[34mSELECT `trains`.* FROM `trains` WHERE `trains`.`id` = 10 LIMIT 1[0m
  ↳ app/controllers/trains_controller.rb:65:in `set_train'
Completed 200 OK in 21ms (Views: 1.0ms | ActiveRecord: 16.1ms | Allocations: 4367)


Started GET "/trains/trainDetails/3201" for 127.0.0.1 at 2023-08-09 17:11:39 +0530
  
ActionController::RoutingError (No route matches [GET] "/trains/trainDetails/3201"):
  
Started GET "/trains/trainDetails/2344" for 127.0.0.1 at 2023-08-09 17:11:55 +0530
  
ActionController::RoutingError (No route matches [GET] "/trains/trainDetails/2344"):
  
Started GET "/trainDetails/2344" for 127.0.0.1 at 2023-08-09 17:13:34 +0530
  
ActionController::RoutingError (No route matches [GET] "/trainDetails/2344"):
  
Started GET "/train_details/2344" for 127.0.0.1 at 2023-08-09 17:13:59 +0530
Processing by TrainsController#trainDetails as */*
  Parameters: {"trainNumber"=>"2344"}
  [1m[36mTrain Load (0.4ms)[0m  [1m[34mSELECT `trains`.* FROM `trains` WHERE `trains`.`trainNumber` = '2344' LIMIT 1[0m
  ↳ app/controllers/trains_controller.rb:36:in `trainDetails'
Completed 200 OK in 17ms (Views: 0.3ms | ActiveRecord: 7.9ms | Allocations: 4272)


Started GET "/train_details/2344" for 127.0.0.1 at 2023-08-09 17:15:43 +0530
Processing by TrainsController#trainDetails as HTML
  Parameters: {"trainNumber"=>"2344"}
  [1m[36mTrain Load (2.1ms)[0m  [1m[34mSELECT `trains`.* FROM `trains` WHERE `trains`.`trainNumber` = '2344' LIMIT 1[0m
  ↳ app/controllers/trains_controller.rb:36:in `trainDetails'
Completed 200 OK in 8ms (Views: 0.6ms | ActiveRecord: 2.1ms | Allocations: 679)


Started GET "/train_details/2344" for 127.0.0.1 at 2023-08-09 17:15:47 +0530
Processing by TrainsController#trainDetails as HTML
  Parameters: {"trainNumber"=>"2344"}
  [1m[36mTrain Load (0.4ms)[0m  [1m[34mSELECT `trains`.* FROM `trains` WHERE `trains`.`trainNumber` = '2344' LIMIT 1[0m
  ↳ app/controllers/trains_controller.rb:36:in `trainDetails'
Completed 200 OK in 2ms (Views: 0.2ms | ActiveRecord: 0.4ms | Allocations: 681)


Started GET "/favicon.ico" for 127.0.0.1 at 2023-08-09 17:15:47 +0530
  
ActionController::RoutingError (No route matches [GET] "/favicon.ico"):
  
Started GET "/trains" for 127.0.0.1 at 2023-08-09 17:15:57 +0530
Processing by TrainsController#index as HTML
  [1m[36mTrain Load (2.6ms)[0m  [1m[34mSELECT `trains`.* FROM `trains` WHERE (departureTime >= '2023-08-09 12:15:57.453460' AND departureTime <= '2023-08-09 23:45:57.453511') ORDER BY `trains`.`priceSleeper` ASC, `trains`.`priceAC` ASC, `trains`.`seatsAvailablesleeper` DESC, `trains`.`seatsAvailableAC` DESC, `trains`.`departureTime` DESC[0m
  ↳ app/controllers/trains_controller.rb:7:in `map'
Completed 200 OK in 5ms (Views: 0.3ms | ActiveRecord: 2.6ms | Allocations: 1154)


Started GET "/trains" for 127.0.0.1 at 2023-08-09 17:15:57 +0530
Processing by TrainsController#index as HTML
  [1m[36mTrain Load (0.7ms)[0m  [1m[34mSELECT `trains`.* FROM `trains` WHERE (departureTime >= '2023-08-09 12:15:57.466547' AND departureTime <= '2023-08-09 23:45:57.466569') ORDER BY `trains`.`priceSleeper` ASC, `trains`.`priceAC` ASC, `trains`.`seatsAvailablesleeper` DESC, `trains`.`seatsAvailableAC` DESC, `trains`.`departureTime` DESC[0m
  ↳ app/controllers/trains_controller.rb:7:in `map'
Completed 200 OK in 3ms (Views: 0.4ms | ActiveRecord: 0.7ms | Allocations: 1092)


Started GET "/train_details/2344" for 127.0.0.1 at 2023-08-09 17:16:40 +0530
Processing by TrainsController#trainDetails as HTML
  Parameters: {"trainNumber"=>"2344"}
  [1m[36mTrain Load (1.1ms)[0m  [1m[34mSELECT `trains`.* FROM `trains` WHERE `trains`.`trainNumber` = '2344' LIMIT 1[0m
  ↳ app/controllers/trains_controller.rb:36:in `trainDetails'
Completed 200 OK in 7ms (Views: 0.5ms | ActiveRecord: 1.1ms | Allocations: 679)


Started GET "/trains" for 127.0.0.1 at 2023-08-09 17:16:42 +0530
Processing by TrainsController#index as HTML
  [1m[36mTrain Load (0.7ms)[0m  [1m[34mSELECT `trains`.* FROM `trains` WHERE (departureTime >= '2023-08-09 12:16:42.742540' AND departureTime <= '2023-08-09 23:46:42.742634') ORDER BY `trains`.`priceSleeper` ASC, `trains`.`priceAC` ASC, `trains`.`seatsAvailablesleeper` DESC, `trains`.`seatsAvailableAC` DESC, `trains`.`departureTime` DESC[0m
  ↳ app/controllers/trains_controller.rb:7:in `map'
Completed 200 OK in 6ms (Views: 0.3ms | ActiveRecord: 0.7ms | Allocations: 1092)


Started GET "/train_details/2344" for 127.0.0.1 at 2023-08-09 17:17:11 +0530
Processing by TrainsController#trainDetails as HTML
  Parameters: {"trainNumber"=>"2344"}
  [1m[36mTrain Load (0.6ms)[0m  [1m[34mSELECT `trains`.* FROM `trains` WHERE `trains`.`trainNumber` = '2344' LIMIT 1[0m
  ↳ app/controllers/trains_controller.rb:36:in `trainDetails'
Completed 200 OK in 3ms (Views: 0.3ms | ActiveRecord: 0.6ms | Allocations: 679)


Started GET "/trains" for 127.0.0.1 at 2023-08-09 17:17:12 +0530
Processing by TrainsController#index as HTML
  [1m[36mTrain Load (1.1ms)[0m  [1m[34mSELECT `trains`.* FROM `trains` WHERE (departureTime >= '2023-08-09 12:17:12.756418' AND departureTime <= '2023-08-09 23:47:12.756448') ORDER BY `trains`.`priceSleeper` ASC, `trains`.`priceAC` ASC, `trains`.`seatsAvailablesleeper` DESC, `trains`.`seatsAvailableAC` DESC, `trains`.`departureTime` DESC[0m
  ↳ app/controllers/trains_controller.rb:7:in `map'
Completed 200 OK in 4ms (Views: 0.3ms | ActiveRecord: 1.1ms | Allocations: 1092)


Started GET "/trains" for 127.0.0.1 at 2023-08-09 17:17:12 +0530
Processing by TrainsController#index as HTML
  [1m[36mTrain Load (0.5ms)[0m  [1m[34mSELECT `trains`.* FROM `trains` WHERE (departureTime >= '2023-08-09 12:17:12.767605' AND departureTime <= '2023-08-09 23:47:12.767618') ORDER BY `trains`.`priceSleeper` ASC, `trains`.`priceAC` ASC, `trains`.`seatsAvailablesleeper` DESC, `trains`.`seatsAvailableAC` DESC, `trains`.`departureTime` DESC[0m
  ↳ app/controllers/trains_controller.rb:7:in `map'
Completed 200 OK in 10ms (Views: 0.2ms | ActiveRecord: 0.5ms | Allocations: 1094)


Started GET "/trains" for 127.0.0.1 at 2023-08-09 17:18:05 +0530
Processing by TrainsController#index as HTML
  [1m[36mTrain Load (1.0ms)[0m  [1m[34mSELECT `trains`.* FROM `trains` WHERE (departureTime >= '2023-08-09 12:18:05.671622' AND departureTime <= '2023-08-09 23:48:05.671797') ORDER BY `trains`.`priceSleeper` ASC, `trains`.`priceAC` ASC, `trains`.`seatsAvailablesleeper` DESC, `trains`.`seatsAvailableAC` DESC, `trains`.`departureTime` DESC[0m
  ↳ app/controllers/trains_controller.rb:7:in `map'
Completed 200 OK in 9ms (Views: 3.1ms | ActiveRecord: 1.0ms | Allocations: 1093)


Started GET "/trains" for 127.0.0.1 at 2023-08-09 17:20:14 +0530
Processing by TrainsController#index as HTML
  [1m[36mTrain Load (1.1ms)[0m  [1m[34mSELECT `trains`.* FROM `trains` WHERE (departureTime >= '2023-08-09 12:20:14.546105' AND departureTime <= '2023-08-09 23:50:14.546180') ORDER BY `trains`.`priceSleeper` ASC, `trains`.`priceAC` ASC, `trains`.`seatsAvailablesleeper` DESC, `trains`.`seatsAvailableAC` DESC, `trains`.`departureTime` DESC[0m
  ↳ app/controllers/trains_controller.rb:7:in `map'
Completed 200 OK in 5ms (Views: 0.4ms | ActiveRecord: 1.1ms | Allocations: 1093)


Started GET "/trains" for 127.0.0.1 at 2023-08-09 17:20:18 +0530
Processing by TrainsController#index as HTML
  [1m[36mTrain Load (0.6ms)[0m  [1m[34mSELECT `trains`.* FROM `trains` WHERE (departureTime >= '2023-08-09 12:20:18.074719' AND departureTime <= '2023-08-09 23:50:18.074742') ORDER BY `trains`.`priceSleeper` ASC, `trains`.`priceAC` ASC, `trains`.`seatsAvailablesleeper` DESC, `trains`.`seatsAvailableAC` DESC, `trains`.`departureTime` DESC[0m
  ↳ app/controllers/trains_controller.rb:7:in `map'
Completed 200 OK in 3ms (Views: 0.3ms | ActiveRecord: 0.6ms | Allocations: 1093)


Started GET "/trains" for 127.0.0.1 at 2023-08-09 17:20:18 +0530
Processing by TrainsController#index as HTML
  [1m[36mTrain Load (0.6ms)[0m  [1m[34mSELECT `trains`.* FROM `trains` WHERE (departureTime >= '2023-08-09 12:20:18.088359' AND departureTime <= '2023-08-09 23:50:18.088381') ORDER BY `trains`.`priceSleeper` ASC, `trains`.`priceAC` ASC, `trains`.`seatsAvailablesleeper` DESC, `trains`.`seatsAvailableAC` DESC, `trains`.`departureTime` DESC[0m
  ↳ app/controllers/trains_controller.rb:7:in `map'
Completed 200 OK in 3ms (Views: 0.4ms | ActiveRecord: 0.6ms | Allocations: 1093)


Started GET "/trains" for 127.0.0.1 at 2023-08-09 17:20:22 +0530
Processing by TrainsController#index as HTML
  [1m[36mTrain Load (0.5ms)[0m  [1m[34mSELECT `trains`.* FROM `trains` WHERE (departureTime >= '2023-08-09 12:20:22.014847' AND departureTime <= '2023-08-09 23:50:22.014872') ORDER BY `trains`.`priceSleeper` ASC, `trains`.`priceAC` ASC, `trains`.`seatsAvailablesleeper` DESC, `trains`.`seatsAvailableAC` DESC, `trains`.`departureTime` DESC[0m
  ↳ app/controllers/trains_controller.rb:7:in `map'
Completed 200 OK in 4ms (Views: 0.3ms | ActiveRecord: 0.5ms | Allocations: 1093)


Started GET "/trains" for 127.0.0.1 at 2023-08-09 17:20:53 +0530
Processing by TrainsController#index as HTML
  [1m[36mTrain Load (1.4ms)[0m  [1m[34mSELECT `trains`.* FROM `trains` WHERE (departureTime >= '2023-08-09 12:20:53.536839' AND departureTime <= '2023-08-09 23:50:53.536969') ORDER BY `trains`.`priceSleeper` ASC, `trains`.`priceAC` ASC, `trains`.`seatsAvailablesleeper` DESC, `trains`.`seatsAvailableAC` DESC, `trains`.`departureTime` DESC[0m
  ↳ app/controllers/trains_controller.rb:7:in `map'
Completed 200 OK in 8ms (Views: 1.2ms | ActiveRecord: 1.4ms | Allocations: 1093)


Started GET "/trains" for 127.0.0.1 at 2023-08-09 17:21:14 +0530
Processing by TrainsController#index as HTML
  [1m[36mTrain Load (0.9ms)[0m  [1m[34mSELECT `trains`.* FROM `trains` WHERE (departureTime >= '2023-08-09 12:21:14.682840' AND departureTime <= '2023-08-09 23:51:14.682882') ORDER BY `trains`.`priceSleeper` ASC, `trains`.`priceAC` ASC, `trains`.`seatsAvailablesleeper` DESC, `trains`.`seatsAvailableAC` DESC, `trains`.`departureTime` DESC[0m
  ↳ app/controllers/trains_controller.rb:7:in `map'
Completed 200 OK in 4ms (Views: 0.3ms | ActiveRecord: 0.9ms | Allocations: 1093)


Started GET "/trains" for 127.0.0.1 at 2023-08-09 17:21:14 +0530
Processing by TrainsController#index as HTML
  [1m[36mTrain Load (0.6ms)[0m  [1m[34mSELECT `trains`.* FROM `trains` WHERE (departureTime >= '2023-08-09 12:21:14.710883' AND departureTime <= '2023-08-09 23:51:14.710899') ORDER BY `trains`.`priceSleeper` ASC, `trains`.`priceAC` ASC, `trains`.`seatsAvailablesleeper` DESC, `trains`.`seatsAvailableAC` DESC, `trains`.`departureTime` DESC[0m
  ↳ app/controllers/trains_controller.rb:7:in `map'
Completed 200 OK in 2ms (Views: 0.3ms | ActiveRecord: 0.6ms | Allocations: 1093)


Started GET "/trains" for 127.0.0.1 at 2023-08-09 17:24:33 +0530
Processing by TrainsController#index as HTML
  [1m[36mTrain Load (1.6ms)[0m  [1m[34mSELECT `trains`.* FROM `trains` WHERE (departureTime >= '2023-08-09 12:24:33.333708' AND departureTime <= '2023-08-09 23:54:33.333803') ORDER BY `trains`.`priceSleeper` ASC, `trains`.`priceAC` ASC, `trains`.`seatsAvailablesleeper` DESC, `trains`.`seatsAvailableAC` DESC, `trains`.`departureTime` DESC[0m
  ↳ app/controllers/trains_controller.rb:7:in `map'
Completed 200 OK in 5ms (Views: 0.3ms | ActiveRecord: 1.6ms | Allocations: 1093)


Started GET "/trains" for 127.0.0.1 at 2023-08-09 17:26:48 +0530
Processing by TrainsController#index as HTML
  [1m[36mTrain Load (1.2ms)[0m  [1m[34mSELECT `trains`.* FROM `trains` WHERE (departureTime >= '2023-08-09 12:26:48.391340' AND departureTime <= '2023-08-09 23:56:48.391809') ORDER BY `trains`.`priceSleeper` ASC, `trains`.`priceAC` ASC, `trains`.`seatsAvailablesleeper` DESC, `trains`.`seatsAvailableAC` DESC, `trains`.`departureTime` DESC[0m
  ↳ app/controllers/trains_controller.rb:7:in `map'
Completed 200 OK in 16ms (Views: 0.3ms | ActiveRecord: 1.2ms | Allocations: 1213)


Started GET "/trains" for 127.0.0.1 at 2023-08-09 17:26:48 +0530
Processing by TrainsController#index as HTML
  [1m[36mTrain Load (0.6ms)[0m  [1m[34mSELECT `trains`.* FROM `trains` WHERE (departureTime >= '2023-08-09 12:26:48.413435' AND departureTime <= '2023-08-09 23:56:48.413482') ORDER BY `trains`.`priceSleeper` ASC, `trains`.`priceAC` ASC, `trains`.`seatsAvailablesleeper` DESC, `trains`.`seatsAvailableAC` DESC, `trains`.`departureTime` DESC[0m
  ↳ app/controllers/trains_controller.rb:7:in `map'
Completed 200 OK in 3ms (Views: 0.9ms | ActiveRecord: 0.6ms | Allocations: 1214)


Started GET "/trains" for 127.0.0.1 at 2023-08-09 17:26:52 +0530
Processing by TrainsController#index as HTML
  [1m[36mTrain Load (0.5ms)[0m  [1m[34mSELECT `trains`.* FROM `trains` WHERE (departureTime >= '2023-08-09 12:26:52.182734' AND departureTime <= '2023-08-09 23:56:52.182752') ORDER BY `trains`.`priceSleeper` ASC, `trains`.`priceAC` ASC, `trains`.`seatsAvailablesleeper` DESC, `trains`.`seatsAvailableAC` DESC, `trains`.`departureTime` DESC[0m
  ↳ app/controllers/trains_controller.rb:7:in `map'
Completed 200 OK in 3ms (Views: 0.5ms | ActiveRecord: 0.5ms | Allocations: 1213)


Started GET "/trains" for 127.0.0.1 at 2023-08-09 17:26:52 +0530
Processing by TrainsController#index as HTML
  [1m[36mTrain Load (0.4ms)[0m  [1m[34mSELECT `trains`.* FROM `trains` WHERE (departureTime >= '2023-08-09 12:26:52.195440' AND departureTime <= '2023-08-09 23:56:52.195460') ORDER BY `trains`.`priceSleeper` ASC, `trains`.`priceAC` ASC, `trains`.`seatsAvailablesleeper` DESC, `trains`.`seatsAvailableAC` DESC, `trains`.`departureTime` DESC[0m
  ↳ app/controllers/trains_controller.rb:7:in `map'
Completed 200 OK in 2ms (Views: 0.4ms | ActiveRecord: 0.4ms | Allocations: 1213)


Started GET "/trains" for 127.0.0.1 at 2023-08-09 17:27:11 +0530
Processing by TrainsController#index as HTML
  [1m[36mTrain Load (0.5ms)[0m  [1m[34mSELECT `trains`.* FROM `trains` WHERE (departureTime >= '2023-08-09 12:27:11.625482' AND departureTime <= '2023-08-09 23:57:11.625506') ORDER BY `trains`.`priceSleeper` ASC, `trains`.`priceAC` ASC, `trains`.`seatsAvailablesleeper` DESC, `trains`.`seatsAvailableAC` DESC, `trains`.`departureTime` DESC[0m
  ↳ app/controllers/trains_controller.rb:7:in `map'
Completed 200 OK in 3ms (Views: 0.3ms | ActiveRecord: 0.5ms | Allocations: 1213)


Started GET "/trains" for 127.0.0.1 at 2023-08-09 17:27:11 +0530
Processing by TrainsController#index as HTML
  [1m[36mTrain Load (0.4ms)[0m  [1m[34mSELECT `trains`.* FROM `trains` WHERE (departureTime >= '2023-08-09 12:27:11.637034' AND departureTime <= '2023-08-09 23:57:11.637053') ORDER BY `trains`.`priceSleeper` ASC, `trains`.`priceAC` ASC, `trains`.`seatsAvailablesleeper` DESC, `trains`.`seatsAvailableAC` DESC, `trains`.`departureTime` DESC[0m
  ↳ app/controllers/trains_controller.rb:7:in `map'
Completed 200 OK in 2ms (Views: 0.3ms | ActiveRecord: 0.4ms | Allocations: 1213)


Started GET "/trains" for 127.0.0.1 at 2023-08-09 17:27:50 +0530
Processing by TrainsController#index as HTML
  [1m[36mTrain Load (1.0ms)[0m  [1m[34mSELECT `trains`.* FROM `trains` WHERE (departureTime >= '2023-08-09 12:27:50.271368' AND departureTime <= '2023-08-09 23:57:50.271441') ORDER BY `trains`.`priceSleeper` ASC, `trains`.`priceAC` ASC, `trains`.`seatsAvailablesleeper` DESC, `trains`.`seatsAvailableAC` DESC, `trains`.`departureTime` DESC[0m
  ↳ app/controllers/trains_controller.rb:7:in `map'
Completed 200 OK in 5ms (Views: 0.5ms | ActiveRecord: 1.0ms | Allocations: 1213)


Started GET "/trains" for 127.0.0.1 at 2023-08-09 17:27:54 +0530
Processing by TrainsController#index as HTML
  [1m[36mTrain Load (0.4ms)[0m  [1m[34mSELECT `trains`.* FROM `trains` WHERE (departureTime >= '2023-08-09 12:27:54.046670' AND departureTime <= '2023-08-09 23:57:54.046689') ORDER BY `trains`.`priceSleeper` ASC, `trains`.`priceAC` ASC, `trains`.`seatsAvailablesleeper` DESC, `trains`.`seatsAvailableAC` DESC, `trains`.`departureTime` DESC[0m
  ↳ app/controllers/trains_controller.rb:7:in `map'
Completed 200 OK in 3ms (Views: 0.3ms | ActiveRecord: 0.4ms | Allocations: 1213)


Started GET "/trains" for 127.0.0.1 at 2023-08-09 17:27:54 +0530
Processing by TrainsController#index as HTML
  [1m[36mTrain Load (8.0ms)[0m  [1m[34mSELECT `trains`.* FROM `trains` WHERE (departureTime >= '2023-08-09 12:27:54.058762' AND departureTime <= '2023-08-09 23:57:54.058783') ORDER BY `trains`.`priceSleeper` ASC, `trains`.`priceAC` ASC, `trains`.`seatsAvailablesleeper` DESC, `trains`.`seatsAvailableAC` DESC, `trains`.`departureTime` DESC[0m
  ↳ app/controllers/trains_controller.rb:7:in `map'
Completed 200 OK in 13ms (Views: 0.6ms | ActiveRecord: 8.0ms | Allocations: 1213)


Started GET "/trains" for 127.0.0.1 at 2023-08-09 17:28:38 +0530
Processing by TrainsController#index as HTML
  [1m[36mTrain Load (1.1ms)[0m  [1m[34mSELECT `trains`.* FROM `trains` WHERE (departureTime >= '2023-08-09 12:28:38.504172' AND departureTime <= '2023-08-09 23:58:38.504535') ORDER BY `trains`.`priceSleeper` ASC, `trains`.`priceAC` ASC, `trains`.`seatsAvailablesleeper` DESC, `trains`.`seatsAvailableAC` DESC, `trains`.`departureTime` DESC[0m
  ↳ app/controllers/trains_controller.rb:7:in `map'
Completed 200 OK in 19ms (Views: 7.9ms | ActiveRecord: 1.1ms | Allocations: 1213)


Started GET "/trains" for 127.0.0.1 at 2023-08-09 17:28:38 +0530
Processing by TrainsController#index as HTML
  [1m[36mTrain Load (4.9ms)[0m  [1m[34mSELECT `trains`.* FROM `trains` WHERE (departureTime >= '2023-08-09 12:28:38.531809' AND departureTime <= '2023-08-09 23:58:38.531822') ORDER BY `trains`.`priceSleeper` ASC, `trains`.`priceAC` ASC, `trains`.`seatsAvailablesleeper` DESC, `trains`.`seatsAvailableAC` DESC, `trains`.`departureTime` DESC[0m
  ↳ app/controllers/trains_controller.rb:7:in `map'
Completed 200 OK in 7ms (Views: 0.4ms | ActiveRecord: 4.9ms | Allocations: 1213)


Started GET "/trains" for 127.0.0.1 at 2023-08-09 17:28:49 +0530
Processing by TrainsController#index as HTML
  [1m[36mTrain Load (0.7ms)[0m  [1m[34mSELECT `trains`.* FROM `trains` WHERE (departureTime >= '2023-08-09 12:28:49.706439' AND departureTime <= '2023-08-09 23:58:49.706459') ORDER BY `trains`.`priceSleeper` ASC, `trains`.`priceAC` ASC, `trains`.`seatsAvailablesleeper` DESC, `trains`.`seatsAvailableAC` DESC, `trains`.`departureTime` DESC[0m
  ↳ app/controllers/trains_controller.rb:7:in `map'
Completed 200 OK in 4ms (Views: 0.6ms | ActiveRecord: 0.7ms | Allocations: 1213)


Started GET "/trains" for 127.0.0.1 at 2023-08-09 17:28:49 +0530
Processing by TrainsController#index as HTML
  [1m[36mTrain Load (0.5ms)[0m  [1m[34mSELECT `trains`.* FROM `trains` WHERE (departureTime >= '2023-08-09 12:28:49.725121' AND departureTime <= '2023-08-09 23:58:49.725143') ORDER BY `trains`.`priceSleeper` ASC, `trains`.`priceAC` ASC, `trains`.`seatsAvailablesleeper` DESC, `trains`.`seatsAvailableAC` DESC, `trains`.`departureTime` DESC[0m
  ↳ app/controllers/trains_controller.rb:7:in `map'
Completed 200 OK in 3ms (Views: 0.4ms | ActiveRecord: 0.5ms | Allocations: 1213)


Started GET "/trains" for 127.0.0.1 at 2023-08-09 17:28:51 +0530
Processing by TrainsController#index as HTML
  [1m[36mTrain Load (1.1ms)[0m  [1m[34mSELECT `trains`.* FROM `trains` WHERE (departureTime >= '2023-08-09 12:28:51.902000' AND departureTime <= '2023-08-09 23:58:51.902022') ORDER BY `trains`.`priceSleeper` ASC, `trains`.`priceAC` ASC, `trains`.`seatsAvailablesleeper` DESC, `trains`.`seatsAvailableAC` DESC, `trains`.`departureTime` DESC[0m
  ↳ app/controllers/trains_controller.rb:7:in `map'
Completed 200 OK in 3ms (Views: 0.3ms | ActiveRecord: 1.1ms | Allocations: 1213)


Started GET "/trains" for 127.0.0.1 at 2023-08-09 17:28:51 +0530
Processing by TrainsController#index as HTML
  [1m[36mTrain Load (0.4ms)[0m  [1m[34mSELECT `trains`.* FROM `trains` WHERE (departureTime >= '2023-08-09 12:28:51.912755' AND departureTime <= '2023-08-09 23:58:51.912774') ORDER BY `trains`.`priceSleeper` ASC, `trains`.`priceAC` ASC, `trains`.`seatsAvailablesleeper` DESC, `trains`.`seatsAvailableAC` DESC, `trains`.`departureTime` DESC[0m
  ↳ app/controllers/trains_controller.rb:7:in `map'
Completed 200 OK in 3ms (Views: 0.4ms | ActiveRecord: 0.4ms | Allocations: 1213)


Started GET "/trains" for 127.0.0.1 at 2023-08-09 17:28:52 +0530
Processing by TrainsController#index as HTML
  [1m[36mTrain Load (0.5ms)[0m  [1m[34mSELECT `trains`.* FROM `trains` WHERE (departureTime >= '2023-08-09 12:28:52.710464' AND departureTime <= '2023-08-09 23:58:52.710485') ORDER BY `trains`.`priceSleeper` ASC, `trains`.`priceAC` ASC, `trains`.`seatsAvailablesleeper` DESC, `trains`.`seatsAvailableAC` DESC, `trains`.`departureTime` DESC[0m
  ↳ app/controllers/trains_controller.rb:7:in `map'
Completed 200 OK in 3ms (Views: 0.3ms | ActiveRecord: 0.5ms | Allocations: 1213)


Started GET "/trains" for 127.0.0.1 at 2023-08-09 17:28:52 +0530
Processing by TrainsController#index as HTML
  [1m[36mTrain Load (0.4ms)[0m  [1m[34mSELECT `trains`.* FROM `trains` WHERE (departureTime >= '2023-08-09 12:28:52.721410' AND departureTime <= '2023-08-09 23:58:52.721428') ORDER BY `trains`.`priceSleeper` ASC, `trains`.`priceAC` ASC, `trains`.`seatsAvailablesleeper` DESC, `trains`.`seatsAvailableAC` DESC, `trains`.`departureTime` DESC[0m
  ↳ app/controllers/trains_controller.rb:7:in `map'
Completed 200 OK in 2ms (Views: 0.3ms | ActiveRecord: 0.4ms | Allocations: 1213)


Started GET "/api/trains" for 127.0.0.1 at 2023-08-09 17:36:09 +0530
  
ActionController::RoutingError (No route matches [GET] "/api/trains"):
  
Started GET "/api/trains" for 127.0.0.1 at 2023-08-09 17:36:09 +0530
  
ActionController::RoutingError (No route matches [GET] "/api/trains"):
  
Started GET "/" for 127.0.0.1 at 2023-08-09 17:38:00 +0530
Processing by Rails::WelcomeController#index as */*
  Rendering /Users/gurusaishreeshtirumalla/.rvm/gems/ruby-3.2.0/gems/railties-7.0.6/lib/rails/templates/rails/welcome/index.html.erb
  Rendered /Users/gurusaishreeshtirumalla/.rvm/gems/ruby-3.2.0/gems/railties-7.0.6/lib/rails/templates/rails/welcome/index.html.erb (Duration: 1.0ms | Allocations: 281)
Completed 200 OK in 10ms (Views: 1.7ms | Allocations: 2633)


Started GET "/" for 127.0.0.1 at 2023-08-09 17:38:00 +0530
Processing by Rails::WelcomeController#index as HTML
  Rendering /Users/gurusaishreeshtirumalla/.rvm/gems/ruby-3.2.0/gems/railties-7.0.6/lib/rails/templates/rails/welcome/index.html.erb
  Rendered /Users/gurusaishreeshtirumalla/.rvm/gems/ruby-3.2.0/gems/railties-7.0.6/lib/rails/templates/rails/welcome/index.html.erb (Duration: 0.4ms | Allocations: 271)
Completed 200 OK in 1ms (Views: 0.8ms | Allocations: 864)


Started GET "/" for 127.0.0.1 at 2023-08-09 17:38:05 +0530
Processing by Rails::WelcomeController#index as HTML
  Rendering /Users/gurusaishreeshtirumalla/.rvm/gems/ruby-3.2.0/gems/railties-7.0.6/lib/rails/templates/rails/welcome/index.html.erb
  Rendered /Users/gurusaishreeshtirumalla/.rvm/gems/ruby-3.2.0/gems/railties-7.0.6/lib/rails/templates/rails/welcome/index.html.erb (Duration: 0.1ms | Allocations: 14)
Completed 200 OK in 1ms (Views: 0.9ms | Allocations: 194)


Started GET "/trains/2344" for 127.0.0.1 at 2023-08-09 17:38:53 +0530
Processing by TrainsController#show as HTML
  Parameters: {"id"=>"2344"}
  [1m[36mTrain Load (17.2ms)[0m  [1m[34mSELECT `trains`.* FROM `trains` WHERE `trains`.`id` = 2344 LIMIT 1[0m
  ↳ app/controllers/trains_controller.rb:88:in `set_train'
Completed 404 Not Found in 80ms (ActiveRecord: 31.6ms | Allocations: 806)


  
ActiveRecord::RecordNotFound (Couldn't find Train with 'id'=2344):
  
app/controllers/trains_controller.rb:88:in `set_train'
Started GET "/trains/2344" for 127.0.0.1 at 2023-08-09 17:38:53 +0530
Processing by TrainsController#show as HTML
  Parameters: {"id"=>"2344"}
  [1m[36mTrain Load (0.3ms)[0m  [1m[34mSELECT `trains`.* FROM `trains` WHERE `trains`.`id` = 2344 LIMIT 1[0m
  ↳ app/controllers/trains_controller.rb:88:in `set_train'
Completed 404 Not Found in 1ms (ActiveRecord: 0.3ms | Allocations: 566)


  
ActiveRecord::RecordNotFound (Couldn't find Train with 'id'=2344):
  
app/controllers/trains_controller.rb:88:in `set_train'
Started GET "/" for 127.0.0.1 at 2023-08-09 17:39:24 +0530
Processing by Rails::WelcomeController#index as */*
  Rendering /Users/gurusaishreeshtirumalla/.rvm/gems/ruby-3.2.0/gems/railties-7.0.6/lib/rails/templates/rails/welcome/index.html.erb
  Rendered /Users/gurusaishreeshtirumalla/.rvm/gems/ruby-3.2.0/gems/railties-7.0.6/lib/rails/templates/rails/welcome/index.html.erb (Duration: 1.9ms | Allocations: 13)
Completed 200 OK in 8ms (Views: 4.4ms | ActiveRecord: 0.0ms | Allocations: 203)


Started GET "/" for 127.0.0.1 at 2023-08-09 17:39:24 +0530
Processing by Rails::WelcomeController#index as HTML
  Rendering /Users/gurusaishreeshtirumalla/.rvm/gems/ruby-3.2.0/gems/railties-7.0.6/lib/rails/templates/rails/welcome/index.html.erb
  Rendered /Users/gurusaishreeshtirumalla/.rvm/gems/ruby-3.2.0/gems/railties-7.0.6/lib/rails/templates/rails/welcome/index.html.erb (Duration: 0.1ms | Allocations: 13)
Completed 200 OK in 1ms (Views: 0.5ms | ActiveRecord: 0.0ms | Allocations: 191)


Started GET "/" for 127.0.0.1 at 2023-08-09 17:39:51 +0530
Processing by Rails::WelcomeController#index as HTML
  Rendering /Users/gurusaishreeshtirumalla/.rvm/gems/ruby-3.2.0/gems/railties-7.0.6/lib/rails/templates/rails/welcome/index.html.erb
  Rendered /Users/gurusaishreeshtirumalla/.rvm/gems/ruby-3.2.0/gems/railties-7.0.6/lib/rails/templates/rails/welcome/index.html.erb (Duration: 0.5ms | Allocations: 13)
Completed 200 OK in 3ms (Views: 1.5ms | ActiveRecord: 0.0ms | Allocations: 191)


Started GET "/" for 127.0.0.1 at 2023-08-09 17:39:52 +0530
Processing by Rails::WelcomeController#index as HTML
  Rendering /Users/gurusaishreeshtirumalla/.rvm/gems/ruby-3.2.0/gems/railties-7.0.6/lib/rails/templates/rails/welcome/index.html.erb
  Rendered /Users/gurusaishreeshtirumalla/.rvm/gems/ruby-3.2.0/gems/railties-7.0.6/lib/rails/templates/rails/welcome/index.html.erb (Duration: 0.1ms | Allocations: 13)
Completed 200 OK in 1ms (Views: 0.7ms | ActiveRecord: 0.0ms | Allocations: 191)


Started GET "/train_details/12" for 127.0.0.1 at 2023-08-09 17:42:46 +0530
Processing by TrainsController#trainDetails as HTML
  Parameters: {"trainNumber"=>"12"}
  [1m[36mTrain Load (3.4ms)[0m  [1m[34mSELECT `trains`.* FROM `trains` WHERE `trains`.`trainNumber` = '12' LIMIT 1[0m
  ↳ app/controllers/trains_controller.rb:36:in `trainDetails'
Completed 500 Internal Server Error in 24ms (ActiveRecord: 3.4ms | Allocations: 586)


  
NoMethodError (undefined method `trainName' for nil:NilClass):
  
app/controllers/trains_controller.rb:38:in `trainDetails'
